2025-07-08 11:27:33 - INFO - MQTT 配置保存成功
2025-07-08 11:27:33 - ERROR - 读取串口 /dev/ttyS31 数据时出错: Could not configure port: (5, 'Input/output error')
2025-07-08 11:27:33 - ERROR - 读取串口 /dev/ttyS30 数据时出错: Could not configure port: (5, 'Input/output error')
2025-07-08 11:27:33 - INFO - MQTT 连接成功
2025-07-08 11:27:33 - INFO - 订阅主题: com1
2025-07-08 11:27:33 - INFO - 订阅主题: com2
2025-07-08 11:28:34 - INFO - 程序手动终止
2025-07-08 11:29:26 - INFO - 已打开串口 /dev/ttyACM0
2025-07-08 11:29:26 - INFO - MQTT 连接成功
2025-07-08 11:29:26 - INFO - 从串口 /dev/ttyACM0 读取到数据，已发送到 MQTT 主题 sensor: b'invalid header: 0xffffffff\r\ninvalid header: 0xffffffff\r\ninvalid header: 0xffffffff\r\ninvalid header: 0xffffffff\r\ninvalid header: 0xffffffff\r\ninvalid header: 0xffffffff\r\ninvalid header: 0xffffffff\r\n'
2025-07-08 11:29:26 - INFO - 订阅主题: sensor
2025-07-08 11:29:26 - INFO - 从串口 /dev/ttyACM0 读取到数据，已发送到 MQTT 主题 sensor: b'invalid header: 0xffffffff\r\ninvalid header: 0xffffffff\r\ninvalid header: 0xffffffff\r\ninvalid header: 0xffffffff\r\ninvalid header: 0xffffffff\r\ninvalid header: 0xffffffff\r\ninvalid header: 0xffffffff\r\n'
2025-07-08 11:29:26 - INFO - 从串口 /dev/ttyACM0 读取到数据，已发送到 MQTT 主题 sensor: b'invalid header: 0xffffffff\r\ninvalid header: 0xffffffff\r\ninvalid header: 0xffffffff\r\ninvalid header: 0xffffffff\r\n'
2025-07-08 11:29:26 - INFO - 从串口 /dev/ttyACM0 读取到数据，已发送到 MQTT 主题 sensor: b'invalid header: 0xffffffff\r\ninvalid header: 0xffffffff\r\ninvalid header: 0xffffffff\r\ninvalid header: 0xffffffff\r\ninvalid header: 0xffffffff\r\ninvalid header: 0xffffffff\r\ninvalid header: 0xffffffff\r\ninvalid header: 0xffffffff\r\ninvalid header: 0xffffffff\r\n'
2025-07-08 11:29:26 - INFO - 从串口 /dev/ttyACM0 读取到数据，已发送到 MQTT 主题 sensor: b'invalid header: 0xffffffff\r\ninvalid header: 0xffffffff\r\ninvalid header: 0xffffffff\r\ninvalid header: 0xffffffff\r\ninvalid header: 0xffffffff\r\ninvalid header: 0xffffffff\r\ninvalid header: 0xffffffff\r\ninvalid header: 0xffffffff\r\ninvalid header: 0xffffffff\r\ninvalid header: 0xffffffff\r\ninvalid header: 0xffffffff\r\n'
2025-07-08 11:29:26 - INFO - 从串口 /dev/ttyACM0 读取到数据，已发送到 MQTT 主题 sensor: b'invalid header: 0xffffffff\r\ninvalid header: 0xffffffff\r\ninvalid header: 0xffffffff\r\ninvalid header: 0xffffffff\r\ninvalid header: 0xffffffff\r\ninvalid header: 0xffffffff\r\ninvalid header: 0xffffffff\r\ninvalid header: 0xffffffff\r\ninvalid header: 0xffffffff\r\ninvalid header: 0xffffffff\r\ninvalid header: 0xffffffff\r\ninvalid header: 0xffffffff\r\ninvalid header: 0xffffffff\r\ninvalid header: 0xffffffff\r\ninvalid header: 0xffffffff\r\n'
2025-07-08 11:29:26 - ERROR - 读取串口 /dev/ttyACM0 数据时出错: device reports readiness to read but returned no data (device disconnected or multiple access on port?)
2025-07-08 11:29:28 - ERROR - 向串口 /dev/ttyACM0 发送消息失败: write failed: [Errno 5] Input/output error
2025-07-08 11:29:28 - ERROR - 向串口 /dev/ttyACM0 发送消息失败: [Errno 2] could not open port /dev/ttyACM0: [Errno 2] No such file or directory: '/dev/ttyACM0'
2025-07-08 11:29:28 - ERROR - 向串口 /dev/ttyACM0 发送消息失败: [Errno 2] could not open port /dev/ttyACM0: [Errno 2] No such file or directory: '/dev/ttyACM0'
2025-07-08 11:29:28 - ERROR - 向串口 /dev/ttyACM0 发送消息失败: [Errno 2] could not open port /dev/ttyACM0: [Errno 2] No such file or directory: '/dev/ttyACM0'
2025-07-08 11:29:28 - ERROR - 向串口 /dev/ttyACM0 发送消息失败: [Errno 2] could not open port /dev/ttyACM0: [Errno 2] No such file or directory: '/dev/ttyACM0'
2025-07-08 11:33:52 - INFO - 程序手动终止
2025-07-08 11:33:53 - INFO - 已打开串口 /dev/ttyACM0
2025-07-08 11:33:53 - INFO - MQTT 连接成功
2025-07-08 11:33:53 - INFO - 订阅接收主题: com1receive
2025-07-08 11:33:53 - INFO - 从串口 /dev/ttyACM0 读取到数据，已发送到 MQTT 发送主题 com1send: b'invalid header: 0xffffffff\r\ninvalid header: 0xffffffff\r\ninvalid header: 0xffffffff\r\ninvalid header: 0xffffffff\r\ninvalid header: 0xffffffff\r\n'
2025-07-08 11:33:53 - INFO - 从串口 /dev/ttyACM0 读取到数据，已发送到 MQTT 发送主题 com1send: b'invalid header: 0xffffffff\r\ninvalid header: 0xffffffff\r\n'
2025-07-08 11:33:53 - INFO - 从串口 /dev/ttyACM0 读取到数据，已发送到 MQTT 发送主题 com1send: b'invalid header: 0xffffffff\r\n'
2025-07-08 11:33:53 - INFO - 从串口 /dev/ttyACM0 读取到数据，已发送到 MQTT 发送主题 com1send: b'invalid header: 0xffffffff\r\ninvalid header: 0xffffffff\r\n'
2025-07-08 11:33:53 - INFO - 从串口 /dev/ttyACM0 读取到数据，已发送到 MQTT 发送主题 com1send: b'invalid header: 0xffffffff\r\ninvalid header: 0xffffffff\r\ninvalid header: 0xffffffff\r\ninvalid header: 0xffffffff\r\ninvalid header: 0xffffffff\r\ninvalid header: 0xffffffff\r\ninvalid header: 0xffffffff\r\ninvalid header: 0xffffffff\r\ninvalid header: 0xffffffff\r\ninvalid header: 0xffffffff\r\ninvalid header: 0xffffffff\r\n'
2025-07-08 11:33:53 - INFO - 从串口 /dev/ttyACM0 读取到数据，已发送到 MQTT 发送主题 com1send: b'invalid header: 0xffffffff\r\ninvalid header: 0xffffffff\r\ninvalid header: 0xffffffff\r\ninvalid header: 0xffffffff\r\ninvalid header: 0xffffffff\r\ninvalid header: 0xffffffff\r\n'
2025-07-08 11:33:53 - INFO - 从串口 /dev/ttyACM0 读取到数据，已发送到 MQTT 发送主题 com1send: b'invalid header: 0xffffffff\r\ninvalid header: 0xffffffff\r\ninvalid header: 0xffffffff\r\ninvalid header: 0xffffffff\r\ninvalid header: 0xffffffff\r\ninvalid header: 0xffffffff\r\ninvalid header: 0xffffffff\r\ninvalid header: 0xffffffff\r\ninvalid header: 0xffffffff\r\n'
2025-07-08 11:33:53 - INFO - 从串口 /dev/ttyACM0 读取到数据，已发送到 MQTT 发送主题 com1send: b'invalid header: 0xffffffff\r\ninvalid header: 0xffffffff\r\ninvalid header: 0xffffffff\r\ninvalid header: 0xffffffff\r\ninvalid header: 0xffffffff\r\ninvalid header: 0xffffffff\r\ninvalid header: 0xffffffff\r\ninvalid header: 0xffffffff\r\n'
2025-07-08 11:33:53 - INFO - 从串口 /dev/ttyACM0 读取到数据，已发送到 MQTT 发送主题 com1send: b'invalid header: 0xffffffff\r\ninvalid header: 0xffffffff\r\ninvalid header: 0xffffffff\r\ninvalid header: 0xffffffff\r\ninvalid header: 0xffffffff\r\ninvalid header: 0xffffffff\r\ninvalid header: 0xffffffff\r\ninvalid header: 0xffffffff\r\ninvalid header: 0xffffffff\r\ninvalid header: 0xffffffff\r\ninvalid header: 0xffffffff\r\n'
2025-07-08 11:33:53 - INFO - 从串口 /dev/ttyACM0 读取到数据，已发送到 MQTT 发送主题 com1send: b'invalid header: 0xffffffff\r\ninvalid header: 0xffffffff\r\ninvalid header: 0xffffffff\r\ninvalid header: 0xffffffff\r\ninvalid header: 0xffffffff\r\ninvalid header: 0xffffffff\r\ninvalid header: 0xffffffff\r\ninvalid header: 0xffffffff\r\ninvalid header: 0xffffffff\r\n'
2025-07-08 11:33:53 - INFO - 从串口 /dev/ttyACM0 读取到数据，已发送到 MQTT 发送主题 com1send: b'invalid header: 0xffffffff\r\ninvalid header: 0xffffffff\r\ninvalid header: 0xffffffff\r\ninvalid header: 0xffffffff\r\ninvalid header: 0xffffffff\r\ninvalid header: 0xffffffff\r\n'
2025-07-08 11:33:53 - INFO - 从串口 /dev/ttyACM0 读取到数据，已发送到 MQTT 发送主题 com1send: b'invalid header: 0xffffffff\r\ninvalid header: 0xffffffff\r\ninvalid header: 0xffffffff\r\ninvalid header: 0xffffffff\r\ninvalid header: 0xffffffff\r\ninvalid header: 0xffffffff\r\ninvalid header: 0xffffffff\r\ninvalid header: 0xffffffff\r\ninvalid header: 0xffffffff\r\ninvalid header: 0xffffffff\r\ninvalid header: 0xffffffff\r\n'
2025-07-08 11:33:53 - INFO - 从串口 /dev/ttyACM0 读取到数据，已发送到 MQTT 发送主题 com1send: b'invalid header: 0xffffffff\r\ninvalid header: 0xffffffff\r\ninvalid header: 0xffffffff\r\ninvalid header: 0xffffffff\r\ninvalid header: 0xffffffff\r\ninvalid header: 0xffffffff\r\ninvalid header: 0xffffffff\r\ninvalid header: 0xffffffff\r\n'
2025-07-08 11:33:53 - INFO - 从串口 /dev/ttyACM0 读取到数据，已发送到 MQTT 发送主题 com1send: b'invalid header: 0xffffffff\r\ninvalid header: 0xffffffff\r\ninvalid header: 0xffffffff\r\ninvalid header: 0xffffffff\r\ninvalid header: 0xffffffff\r\ninvalid header: 0xffffffff\r\ninvalid header: 0xffffffff\r\ninvalid header: 0xffffffff\r\ninvalid header: 0xffffffff\r\n'
2025-07-08 11:33:53 - INFO - 从串口 /dev/ttyACM0 读取到数据，已发送到 MQTT 发送主题 com1send: b'invalid header: 0xffffffff\r\ninvalid header: 0xffffffff\r\ninvalid header: 0xffffffff\r\ninvalid header: 0xffffffff\r\ninvalid header: 0xffffffff\r\ninvalid header: 0xffffffff\r\ninvalid header: 0xffffffff\r\ninvalid header: 0xffffffff\r\ninvalid header: 0xffffffff\r\ninvalid header: 0xffffffff\r\ninvalid header: 0xffffffff\r\ninvalid header: 0xffffffff\r\ninvalid header: 0xffffffff\r\ninvalid header: 0xffffffff\r\ninvalid header: 0xffffffff\r\n'
2025-07-08 11:33:53 - INFO - 从串口 /dev/ttyACM0 读取到数据，已发送到 MQTT 发送主题 com1send: b'invalid header: 0xffffffff\r\ninvalid header: 0xffffffff\r\ninvalid header: 0xffffffff\r\ninvalid header: 0xffffffff\r\ninvalid header: 0xffffffff\r\ninvalid header: 0xffffffff\r\ninvalid header: 0xffffffff\r\ninvalid header: 0xffffffff\r\ninvalid header: 0xffffffff\r\ninvalid header: 0xffffffff\r\n'
2025-07-08 11:33:53 - INFO - 从串口 /dev/ttyACM0 读取到数据，已发送到 MQTT 发送主题 com1send: b'invalid header: 0xffffffff\r\ninvalid header: 0xffffffff\r\ninvalid header: 0xffffffff\r\ninvalid header: 0xffffffff\r\ninvalid header: 0xffffffff\r\ninvalid header: 0xffffffff\r\ninvalid header: 0xffffffff\r\ninvalid header: 0xffffffff\r\ninvalid header: 0xffffffff\r\n'
2025-07-08 11:33:53 - INFO - 从串口 /dev/ttyACM0 读取到数据，已发送到 MQTT 发送主题 com1send: b'invalid header: 0xffffffff\r\ninvalid header: 0xffffffff\r\ninvalid header: 0xffffffff\r\ninvalid header: 0xffffffff\r\ninvalid header: 0xffffffff\r\ninvalid header: 0xffffffff\r\ninvalid header: 0xffffffff\r\ninvalid header: 0xffffffff\r\ninvalid header: 0xffffffff\r\n'
2025-07-08 11:33:53 - INFO - 从串口 /dev/ttyACM0 读取到数据，已发送到 MQTT 发送主题 com1send: b'invalid header: 0xffffffff\r\ninvalid header: 0xffffffff\r\ninvalid header: 0xffffffff\r\ninvalid header: 0xffffffff\r\ninvalid header: 0xffffffff\r\ninvalid header: 0xffffffff\r\n'
2025-07-08 11:33:53 - INFO - 从串口 /dev/ttyACM0 读取到数据，已发送到 MQTT 发送主题 com1send: b'invalid header: 0xffffffff\r\ninvalid header: 0xffffffff\r\ninvalid header: 0xffffffff\r\ninvalid header: 0xffffffff\r\ninvalid header: 0xffffffff\r\ninvalid header: 0xffffffff\r\ninvalid header: 0xffffffff\r\n'
2025-07-08 11:33:53 - INFO - 从串口 /dev/ttyACM0 读取到数据，已发送到 MQTT 发送主题 com1send: b'invalid header: 0xffffffff\r\ninvalid header: 0xffffffff\r\ninvalid header: 0xffffffff\r\ninvalid header: 0xffffffff\r\ninvalid header: 0xffffffff\r\ninvalid header: 0xffffffff\r\ninvalid header: 0xffffffff\r\ninvalid header: 0xffffffff\r\ninvalid header: 0xffffffff\r\ninvalid header: 0xffffffff\r\n'
2025-07-08 11:33:53 - INFO - 从串口 /dev/ttyACM0 读取到数据，已发送到 MQTT 发送主题 com1send: b'invalid header: 0xffffffff\r\ninvalid header: 0xffffffff\r\ninvalid header: 0xffffffff\r\n'
2025-07-08 11:33:53 - INFO - 从串口 /dev/ttyACM0 读取到数据，已发送到 MQTT 发送主题 com1send: b'invalid header: 0xffffffff\r\ninvalid header: 0xffffffff\r\ninvalid header: 0xffffffff\r\ninvalid header: 0xffffffff\r\ninvalid header: 0xffffffff\r\ninvalid header: 0xffffffff\r\ninvalid header: 0xffffffff\r\ninvalid header: 0xffffffff\r\ninvalid header: 0xffffffff\r\ninvalid header: 0xffffffff\r\ninvalid header: 0xffffffff\r\ninvalid header: 0xffffffff\r\ninvalid header: 0xffffffff\r\n'
2025-07-08 11:33:53 - INFO - 从串口 /dev/ttyACM0 读取到数据，已发送到 MQTT 发送主题 com1send: b'invalid header: 0xffffffff\r\ninvalid header: 0xffffffff\r\ninvalid header: 0xffffffff\r\n'
2025-07-08 11:33:53 - INFO - 从串口 /dev/ttyACM0 读取到数据，已发送到 MQTT 发送主题 com1send: b'invalid header: 0xffffffff\r\n'
2025-07-08 11:33:53 - INFO - 从串口 /dev/ttyACM0 读取到数据，已发送到 MQTT 发送主题 com1send: b'invalid header: 0xffffffff\r\ninvalid header: 0xffffffff\r\ninvalid header: 0xffffffff\r\ninvalid header: 0xffffffff\r\n'
2025-07-08 11:33:53 - INFO - 从串口 /dev/ttyACM0 读取到数据，已发送到 MQTT 发送主题 com1send: b'invalid header: 0xffffffff\r\ninvalid header: 0xffffffff\r\ninvalid header: 0xffffffff\r\n'
2025-07-08 11:33:53 - INFO - 从串口 /dev/ttyACM0 读取到数据，已发送到 MQTT 发送主题 com1send: b'invalid header: 0xffffffff\r\ninvalid header: 0xffffffff\r\ninvalid header: 0xffffffff\r\ninvalid header: 0xffffffff\r\ninvalid header: 0xffffffff\r\ninvalid header: 0xffffffff\r\ninvalid header: 0xffffffff\r\ninvalid header: 0xffffffff\r\n'
2025-07-08 11:33:53 - INFO - 从串口 /dev/ttyACM0 读取到数据，已发送到 MQTT 发送主题 com1send: b'invalid header: 0xffffffff\r\ninvalid header: 0xffffffff\r\ninvalid header: 0xffffffff\r\ninvalid header: 0xffffffff\r\ninvalid header: 0xffffffff\r\n'
2025-07-08 11:33:53 - INFO - 从串口 /dev/ttyACM0 读取到数据，已发送到 MQTT 发送主题 com1send: b'invalid header: 0xffffffff\r\n'
2025-07-08 11:33:53 - INFO - 从串口 /dev/ttyACM0 读取到数据，已发送到 MQTT 发送主题 com1send: b'invalid header: 0xffffffff\r\ninvalid header: 0xffffffff\r\ninvalid header: 0xffffffff\r\ninvalid header: 0xffffffff\r\ninvalid header: 0xffffffff\r\ninvalid header: 0xffffffff\r\ninvalid header: 0xffffffff\r\ninvalid header: 0xffffffff\r\ninvalid header: 0xffffffff\r\ninvalid headESP-ROM:esp32c3-api1-20210207\r\nBuild:Feb  7 2021\r\nrst:0x7 (TG0WDT_SYS_RST),boot:0xf (SPI_FAST_FLASH_BOOT)\r\n'
2025-07-08 11:33:53 - INFO - 从串口 /dev/ttyACM0 读取到数据，已发送到 MQTT 发送主题 com1send: b'Saved PC:0x4004c0d4\r\n'
2025-07-08 11:33:53 - INFO - 从串口 /dev/ttyACM0 读取到数据，已发送到 MQTT 发送主题 com1send: b'invalid header: 0xffffffff\r\n'
2025-07-08 11:33:53 - INFO - 从串口 /dev/ttyACM0 读取到数据，已发送到 MQTT 发送主题 com1send: b'invalid header: 0xffffffff\r\ninvalid header: 0xffffffff\r\ninvalid header: 0xffffffff\r\n'
2025-07-08 11:33:53 - INFO - 从串口 /dev/ttyACM0 读取到数据，已发送到 MQTT 发送主题 com1send: b'invalid header: 0xffffffff\r\n'
2025-07-08 11:33:53 - INFO - 从串口 /dev/ttyACM0 读取到数据，已发送到 MQTT 发送主题 com1send: b'invalid header: 0xffffffff\r\ninvalid header: 0xffffffff\r\ninvalid header: 0xffffffff\r\ninvalid header: 0xffffffff\r\n'
2025-07-08 11:33:53 - INFO - 从串口 /dev/ttyACM0 读取到数据，已发送到 MQTT 发送主题 com1send: b'invalid header: 0xffffffff\r\ninvalid header: 0xffffffff\r\ninvalid header: 0xffffffff\r\n'
2025-07-08 11:33:53 - INFO - 从串口 /dev/ttyACM0 读取到数据，已发送到 MQTT 发送主题 com1send: b'invalid header: 0xffffffff\r\n'
2025-07-08 11:33:53 - INFO - 从串口 /dev/ttyACM0 读取到数据，已发送到 MQTT 发送主题 com1send: b'invalid header: 0xffffffff\r\n'
2025-07-08 11:33:53 - INFO - 从串口 /dev/ttyACM0 读取到数据，已发送到 MQTT 发送主题 com1send: b'invalid header: 0xffffffff\r\ninvalid header: 0xffffffff\r\n'
2025-07-08 11:33:53 - INFO - 从串口 /dev/ttyACM0 读取到数据，已发送到 MQTT 发送主题 com1send: b'invalid header: 0xffffffff\r\ninvalid header: 0xffffffff\r\ninvalid header: 0xffffffff\r\n'
2025-07-08 11:33:53 - INFO - 从串口 /dev/ttyACM0 读取到数据，已发送到 MQTT 发送主题 com1send: b'invalid header: 0xffffffff\r\n'
2025-07-08 11:33:53 - INFO - 从串口 /dev/ttyACM0 读取到数据，已发送到 MQTT 发送主题 com1send: b'invalid header: 0xffffffff\r\ninvalid header: 0xffffffff\r\ninvalid header: 0xffffffff\r\n'
2025-07-08 11:33:53 - INFO - 从串口 /dev/ttyACM0 读取到数据，已发送到 MQTT 发送主题 com1send: b'invalid header: 0xffffffff\r\n'
2025-07-08 11:33:53 - INFO - 从串口 /dev/ttyACM0 读取到数据，已发送到 MQTT 发送主题 com1send: b'invalid header: 0xffffffff\r\n'
2025-07-08 11:33:53 - INFO - 从串口 /dev/ttyACM0 读取到数据，已发送到 MQTT 发送主题 com1send: b'invalid header: 0xffffffff\r\ninvalid header: 0xffffffff\r\ninvalid header: 0xffffffff\r\n'
2025-07-08 11:33:53 - INFO - 从串口 /dev/ttyACM0 读取到数据，已发送到 MQTT 发送主题 com1send: b'invalid header: 0xffffffff\r\ninvalid header: 0xffffffff\r\n'
2025-07-08 11:33:53 - INFO - 从串口 /dev/ttyACM0 读取到数据，已发送到 MQTT 发送主题 com1send: b'invalid header: 0xffffffff\r\n'
2025-07-08 11:33:53 - INFO - 从串口 /dev/ttyACM0 读取到数据，已发送到 MQTT 发送主题 com1send: b'invalid header: 0xffffffff\r\ninvalid header: 0xffffffff\r\n'
2025-07-08 11:33:53 - INFO - 从串口 /dev/ttyACM0 读取到数据，已发送到 MQTT 发送主题 com1send: b'invalid header: 0xffffffff\r\ninvalid header: 0xffffffff\r\n'
2025-07-08 11:33:53 - INFO - 从串口 /dev/ttyACM0 读取到数据，已发送到 MQTT 发送主题 com1send: b'invalid header: 0xffffffff\r\ninvalid header: 0xffffffff\r\ninvalid header: 0xffffffff\r\n'
2025-07-08 11:33:53 - INFO - 从串口 /dev/ttyACM0 读取到数据，已发送到 MQTT 发送主题 com1send: b'invalid header: 0xffffffff\r\ninvalid header: 0xffffffff\r\ninvalid header: 0xffffffff\r\n'
2025-07-08 11:33:53 - INFO - 从串口 /dev/ttyACM0 读取到数据，已发送到 MQTT 发送主题 com1send: b'invalid header: 0xffffffff\r\ninvalid header: 0xffffffff\r\ninvalid header: 0xffffffff\r\n'
2025-07-08 11:33:53 - INFO - 从串口 /dev/ttyACM0 读取到数据，已发送到 MQTT 发送主题 com1send: b'invalid header: 0xffffffff\r\n'
2025-07-08 11:33:53 - INFO - 从串口 /dev/ttyACM0 读取到数据，已发送到 MQTT 发送主题 com1send: b'invalid header: 0xffffffff\r\ninvalid header: 0xffffffff\r\ninvalid header: 0xffffffff\r\ninvalid header: 0xffffffff\r\n'
2025-07-08 11:33:53 - INFO - 从串口 /dev/ttyACM0 读取到数据，已发送到 MQTT 发送主题 com1send: b'invalid header: 0xffffffff\r\n'
2025-07-08 11:33:53 - INFO - 从串口 /dev/ttyACM0 读取到数据，已发送到 MQTT 发送主题 com1send: b'invalid header: 0xffffffff\r\ninvalid header: 0xffffffff\r\n'
2025-07-08 11:33:53 - INFO - 从串口 /dev/ttyACM0 读取到数据，已发送到 MQTT 发送主题 com1send: b'invalid header: 0xffffffff\r\n'
2025-07-08 11:33:53 - INFO - 从串口 /dev/ttyACM0 读取到数据，已发送到 MQTT 发送主题 com1send: b'invalid header: 0xffffffff\r\ninvalid header: 0xffffffff\r\ninvalid header: 0xffffffff\r\n'
2025-07-08 11:33:53 - INFO - 从串口 /dev/ttyACM0 读取到数据，已发送到 MQTT 发送主题 com1send: b'invalid header: 0xffffffff\r\n'
2025-07-08 11:33:53 - INFO - 从串口 /dev/ttyACM0 读取到数据，已发送到 MQTT 发送主题 com1send: b'invalid header: 0xffffffff\r\ninvalid header: 0xffffffff\r\ninvalid header: 0xffffffff\r\n'
2025-07-08 11:33:53 - INFO - 从串口 /dev/ttyACM0 读取到数据，已发送到 MQTT 发送主题 com1send: b'invalid header: 0xffffffff\r\n'
2025-07-08 11:33:53 - INFO - 从串口 /dev/ttyACM0 读取到数据，已发送到 MQTT 发送主题 com1send: b'invalid header: 0xffffffff\r\n'
2025-07-08 11:33:53 - INFO - 从串口 /dev/ttyACM0 读取到数据，已发送到 MQTT 发送主题 com1send: b'invalid header: 0xffffffff\r\ninvalid header: 0xffffffff\r\ninvalid header: 0xffffffff\r\ninvalid header: 0xffffffff\r\ninvalid header: 0xffffffff\r\n'
2025-07-08 11:33:53 - INFO - 从串口 /dev/ttyACM0 读取到数据，已发送到 MQTT 发送主题 com1send: b'invalid header: 0xffffffff\r\n'
2025-07-08 11:33:53 - INFO - 从串口 /dev/ttyACM0 读取到数据，已发送到 MQTT 发送主题 com1send: b'invalid header: 0xffffffff\r\ninvalid header: 0xffffffff\r\ninvalid header: 0xffffffff\r\ninvalid header: 0xffffffff\r\n'
2025-07-08 11:33:53 - INFO - 从串口 /dev/ttyACM0 读取到数据，已发送到 MQTT 发送主题 com1send: b'invalid header: 0xffffffff\r\n'
2025-07-08 11:33:53 - INFO - 从串口 /dev/ttyACM0 读取到数据，已发送到 MQTT 发送主题 com1send: b'invalid header: 0xffffffff\r\ninvalid header: 0xffffffff\r\ninvalid header: 0xffffffff\r\ninvalid header: 0xffffffff\r\n'
2025-07-08 11:33:53 - INFO - 从串口 /dev/ttyACM0 读取到数据，已发送到 MQTT 发送主题 com1send: b'invalid header: 0xffffffff\r\ninvalid header: 0xffffffff\r\ninvalid header: 0xffffffff\r\n'
2025-07-08 11:33:53 - INFO - 从串口 /dev/ttyACM0 读取到数据，已发送到 MQTT 发送主题 com1send: b'invalid header: 0xffffffff\r\n'
2025-07-08 11:33:53 - INFO - 从串口 /dev/ttyACM0 读取到数据，已发送到 MQTT 发送主题 com1send: b'invalid header: 0xffffffff\r\ninvalid header: 0xffffffff\r\ninvalid header: 0xffffffff\r\ninvalid header: 0xffffffff\r\ninvalid header: 0xffffffff\r\n'
2025-07-08 11:33:53 - INFO - 从串口 /dev/ttyACM0 读取到数据，已发送到 MQTT 发送主题 com1send: b'invalid header: 0xffffffff\r\ninvalid header: 0xffffffff\r\ninvalid header: 0xffffffff\r\n'
2025-07-08 11:33:53 - INFO - 从串口 /dev/ttyACM0 读取到数据，已发送到 MQTT 发送主题 com1send: b'invalid header: 0xffffffff\r\ninvalid header: 0xffffffff\r\ninvalid header: 0xffffffff\r\ninvalid header: 0xffffffff\r\n'
2025-07-08 11:33:53 - INFO - 从串口 /dev/ttyACM0 读取到数据，已发送到 MQTT 发送主题 com1send: b'invalid header: 0xffffffff\r\n'
2025-07-08 11:33:53 - INFO - 从串口 /dev/ttyACM0 读取到数据，已发送到 MQTT 发送主题 com1send: b'invalid header: 0xffffffff\r\ninvalid header: 0xffffffff\r\ninvalid header: 0xffffffff\r\n'
2025-07-08 11:33:53 - INFO - 从串口 /dev/ttyACM0 读取到数据，已发送到 MQTT 发送主题 com1send: b'invalid header: 0xffffffff\r\n'
2025-07-08 11:33:53 - INFO - 从串口 /dev/ttyACM0 读取到数据，已发送到 MQTT 发送主题 com1send: b'invalid header: 0xffffffff\r\ninvalid header: 0xffffffff\r\ninvalid header: 0xffffffff\r\n'
2025-07-08 11:33:53 - INFO - 从串口 /dev/ttyACM0 读取到数据，已发送到 MQTT 发送主题 com1send: b'invalid header: 0xffffffff\r\n'
2025-07-08 11:33:53 - INFO - 从串口 /dev/ttyACM0 读取到数据，已发送到 MQTT 发送主题 com1send: b'invalid header: 0xffffffff\r\ninvalid header: 0xffffffff\r\ninvalid header: 0xffffffff\r\n'
2025-07-08 11:33:53 - INFO - 从串口 /dev/ttyACM0 读取到数据，已发送到 MQTT 发送主题 com1send: b'invalid header: 0xffffffff\r\n'
2025-07-08 11:33:53 - INFO - 从串口 /dev/ttyACM0 读取到数据，已发送到 MQTT 发送主题 com1send: b'invalid header: 0xffffffff\r\n'
2025-07-08 11:33:53 - INFO - 从串口 /dev/ttyACM0 读取到数据，已发送到 MQTT 发送主题 com1send: b'invalid header: 0xffffffff\r\ninvalid header: 0xffffffff\r\ninvalid header: 0xffffffff\r\n'
2025-07-08 11:33:53 - INFO - 从串口 /dev/ttyACM0 读取到数据，已发送到 MQTT 发送主题 com1send: b'invalid header: 0xffffffff\r\n'
2025-07-08 11:33:53 - INFO - 从串口 /dev/ttyACM0 读取到数据，已发送到 MQTT 发送主题 com1send: b'invalid header: 0xffffffff\r\n'
2025-07-08 11:33:53 - INFO - 从串口 /dev/ttyACM0 读取到数据，已发送到 MQTT 发送主题 com1send: b'invalid header: 0xffffffff\r\n'
2025-07-08 11:33:53 - INFO - 从串口 /dev/ttyACM0 读取到数据，已发送到 MQTT 发送主题 com1send: b'invalid header: 0xffffffff\r\ninvalid header: 0xffffffff\r\ninvalid header: 0xffffffff\r\n'
2025-07-08 11:33:53 - INFO - 从串口 /dev/ttyACM0 读取到数据，已发送到 MQTT 发送主题 com1send: b'invalid header: 0xffffffff\r\n'
2025-07-08 11:33:53 - INFO - 从串口 /dev/ttyACM0 读取到数据，已发送到 MQTT 发送主题 com1send: b'invalid header: 0xffffffff\r\ninvalid header: 0xffffffff\r\ninvalid header: 0xffffffff\r\ninvalid header: 0xffffffff\r\n'
2025-07-08 11:33:53 - INFO - 从串口 /dev/ttyACM0 读取到数据，已发送到 MQTT 发送主题 com1send: b'invalid header: 0xffffffff\r\n'
2025-07-08 11:33:53 - INFO - 从串口 /dev/ttyACM0 读取到数据，已发送到 MQTT 发送主题 com1send: b'invalid header: 0xffffffff\r\ninvalid header: 0xffffffff\r\ninvalid header: 0xffffffff\r\n'
2025-07-08 11:33:53 - INFO - 从串口 /dev/ttyACM0 读取到数据，已发送到 MQTT 发送主题 com1send: b'invalid header: 0xffffffff\r\n'
2025-07-08 11:33:53 - INFO - 从串口 /dev/ttyACM0 读取到数据，已发送到 MQTT 发送主题 com1send: b'invalid header: 0xffffffff\r\ninvalid header: 0xffffffff\r\ninvalid header: 0xffffffff\r\ninvalid header: 0xffffffff\r\n'
2025-07-08 11:33:53 - INFO - 从串口 /dev/ttyACM0 读取到数据，已发送到 MQTT 发送主题 com1send: b'invalid header: 0xffffffff\r\n'
2025-07-08 11:33:53 - INFO - 从串口 /dev/ttyACM0 读取到数据，已发送到 MQTT 发送主题 com1send: b'invalid header: 0xffffffff\r\ninvalid header: 0xffffffff\r\n'
2025-07-08 11:33:53 - INFO - 从串口 /dev/ttyACM0 读取到数据，已发送到 MQTT 发送主题 com1send: b'invalid header: 0xffffffff\r\ninvalid header: 0xffffffff\r\n'
2025-07-08 11:33:53 - INFO - 从串口 /dev/ttyACM0 读取到数据，已发送到 MQTT 发送主题 com1send: b'invalid header: 0xffffffff\r\n'
2025-07-08 11:33:53 - INFO - 从串口 /dev/ttyACM0 读取到数据，已发送到 MQTT 发送主题 com1send: b'invalid header: 0xffffffff\r\ninvalid header: 0xffffffff\r\n'
2025-07-08 11:33:53 - INFO - 从串口 /dev/ttyACM0 读取到数据，已发送到 MQTT 发送主题 com1send: b'invalid header: 0xffffffff\r\n'
2025-07-08 11:33:53 - INFO - 从串口 /dev/ttyACM0 读取到数据，已发送到 MQTT 发送主题 com1send: b'invalid header: 0xffffffff\r\ninvalid header: 0xffffffff\r\ninvalid header: 0xffffffff\r\ninvalid header: 0xffffffff\r\n'
2025-07-08 11:33:53 - INFO - 从串口 /dev/ttyACM0 读取到数据，已发送到 MQTT 发送主题 com1send: b'invalid header: 0xffffffff\r\n'
2025-07-08 11:33:54 - INFO - 从串口 /dev/ttyACM0 读取到数据，已发送到 MQTT 发送主题 com1send: b'invalid header: 0xffffffff\r\ninvalid header: 0xffffffff\r\ninvalid header: 0xffffffff\r\ninvalid header: 0xffffffff\r\n'
2025-07-08 11:33:54 - INFO - 从串口 /dev/ttyACM0 读取到数据，已发送到 MQTT 发送主题 com1send: b'invalid header: 0xffffffff\r\ninvalid header: 0xffffffff\r\ninvalid header: 0xffffffff\r\ninvalid header: 0xffffffff\r\n'
2025-07-08 11:33:54 - INFO - 从串口 /dev/ttyACM0 读取到数据，已发送到 MQTT 发送主题 com1send: b'invalid header: 0xffffffff\r\n'
2025-07-08 11:33:54 - INFO - 从串口 /dev/ttyACM0 读取到数据，已发送到 MQTT 发送主题 com1send: b'invalid header: 0xffffffff\r\ninvalid header: 0xffffffff\r\ninvalid header: 0xffffffff\r\n'
2025-07-08 11:33:54 - INFO - 从串口 /dev/ttyACM0 读取到数据，已发送到 MQTT 发送主题 com1send: b'invalid header: 0xffffffff\r\ninvalid header: 0xffffffff\r\ninvalid header: 0xffffffff\r\n'
2025-07-08 11:33:54 - INFO - 从串口 /dev/ttyACM0 读取到数据，已发送到 MQTT 发送主题 com1send: b'invalid header: 0xffffffff\r\n'
2025-07-08 11:33:54 - INFO - 从串口 /dev/ttyACM0 读取到数据，已发送到 MQTT 发送主题 com1send: b'invalid header: 0xffffffff\r\ninvalid header: 0xffffffff\r\ninvalid header: 0xffffffff\r\n'
2025-07-08 11:33:54 - INFO - 从串口 /dev/ttyACM0 读取到数据，已发送到 MQTT 发送主题 com1send: b'invalid header: 0xffffffff\r\ninvalid header: 0xffffffff\r\n'
2025-07-08 11:33:54 - INFO - 从串口 /dev/ttyACM0 读取到数据，已发送到 MQTT 发送主题 com1send: b'invalid header: 0xffffffff\r\ninvalid header: 0xffffffff\r\ninvalid header: 0xffffffff\r\n'
2025-07-08 11:33:54 - INFO - 从串口 /dev/ttyACM0 读取到数据，已发送到 MQTT 发送主题 com1send: b'invalid header: 0xffffffff\r\ninvalid header: 0xffffffff\r\n'
2025-07-08 11:33:54 - INFO - 从串口 /dev/ttyACM0 读取到数据，已发送到 MQTT 发送主题 com1send: b'invalid header: 0xffffffff\r\ninvalid header: 0xffffffff\r\ninvalid header: 0xffffffff\r\n'
2025-07-08 11:33:54 - INFO - 从串口 /dev/ttyACM0 读取到数据，已发送到 MQTT 发送主题 com1send: b'invalid header: 0xffffffff\r\n'
2025-07-08 11:33:54 - INFO - 从串口 /dev/ttyACM0 读取到数据，已发送到 MQTT 发送主题 com1send: b'invalid header: 0xffffffff\r\ninvalid header: 0xffffffff\r\ninvalid header: 0xffffffff\r\n'
2025-07-08 11:33:54 - INFO - 从串口 /dev/ttyACM0 读取到数据，已发送到 MQTT 发送主题 com1send: b'invalid header: 0xffffffff\r\ninvalid header: 0xffffffff\r\ninvalid header: 0xffffffff\r\n'
2025-07-08 11:33:54 - INFO - 从串口 /dev/ttyACM0 读取到数据，已发送到 MQTT 发送主题 com1send: b'invalid header: 0xffffffff\r\n'
2025-07-08 11:33:54 - INFO - 从串口 /dev/ttyACM0 读取到数据，已发送到 MQTT 发送主题 com1send: b'invalid header: 0xffffffff\r\ninvalid header: 0xffffffff\r\ninvalid header: 0xffffffff\r\n'
2025-07-08 11:33:54 - INFO - 从串口 /dev/ttyACM0 读取到数据，已发送到 MQTT 发送主题 com1send: b'invalid header: 0xffffffff\r\n'
2025-07-08 11:33:54 - INFO - 从串口 /dev/ttyACM0 读取到数据，已发送到 MQTT 发送主题 com1send: b'invalid header: 0xffffffff\r\ninvalid header: 0xffffffff\r\ninvalid header: 0xffffffff\r\n'
2025-07-08 11:33:54 - INFO - 从串口 /dev/ttyACM0 读取到数据，已发送到 MQTT 发送主题 com1send: b'invalid header: 0xffffffff\r\n'
2025-07-08 11:33:54 - INFO - 从串口 /dev/ttyACM0 读取到数据，已发送到 MQTT 发送主题 com1send: b'invalid header: 0xffffffff\r\ninvalid header: 0xffffffff\r\ninvalid header: 0xffffffff\r\ninvalid header: 0xffffffff\r\n'
2025-07-08 11:33:54 - INFO - 从串口 /dev/ttyACM0 读取到数据，已发送到 MQTT 发送主题 com1send: b'invalid header: 0xffffffff\r\n'
2025-07-08 11:33:54 - INFO - 从串口 /dev/ttyACM0 读取到数据，已发送到 MQTT 发送主题 com1send: b'invalid header: 0xffffffff\r\ninvalid header: 0xffffffff\r\ninvalid header: 0xffffffff\r\n'
2025-07-08 11:33:54 - INFO - 从串口 /dev/ttyACM0 读取到数据，已发送到 MQTT 发送主题 com1send: b'invalid header: 0xffffffff\r\n'
2025-07-08 11:33:54 - INFO - 从串口 /dev/ttyACM0 读取到数据，已发送到 MQTT 发送主题 com1send: b'invalid header: 0xffffffff\r\ninvalid header: 0xffffffff\r\ninvalid header: 0xffffffff\r\ninvalid header: 0xffffffff\r\n'
2025-07-08 11:33:54 - INFO - 从串口 /dev/ttyACM0 读取到数据，已发送到 MQTT 发送主题 com1send: b'invalid header: 0xffffffff\r\n'
2025-07-08 11:33:54 - INFO - 从串口 /dev/ttyACM0 读取到数据，已发送到 MQTT 发送主题 com1send: b'invalid header: 0xffffffff\r\ninvalid header: 0xffffffff\r\ninvalid header: 0xffffffff\r\n'
2025-07-08 11:33:54 - INFO - 从串口 /dev/ttyACM0 读取到数据，已发送到 MQTT 发送主题 com1send: b'invalid header: 0xffffffff\r\n'
2025-07-08 11:33:54 - INFO - 从串口 /dev/ttyACM0 读取到数据，已发送到 MQTT 发送主题 com1send: b'invalid header: 0xffffffff\r\ninvalid header: 0xffffffff\r\n'
2025-07-08 11:33:54 - INFO - 从串口 /dev/ttyACM0 读取到数据，已发送到 MQTT 发送主题 com1send: b'invalid header: 0xffffffff\r\ninvalid header: 0xffffffff\r\ninvalid header: 0xffffffff\r\n'
2025-07-08 11:33:54 - INFO - 从串口 /dev/ttyACM0 读取到数据，已发送到 MQTT 发送主题 com1send: b'invalid header: 0xffffffff\r\n'
2025-07-08 11:33:54 - INFO - 从串口 /dev/ttyACM0 读取到数据，已发送到 MQTT 发送主题 com1send: b'invalid header: 0xffffffff\r\n'
2025-07-08 11:33:54 - INFO - 从串口 /dev/ttyACM0 读取到数据，已发送到 MQTT 发送主题 com1send: b'invalid header: 0xffffffff\r\ninvalid header: 0xffffffff\r\n'
2025-07-08 11:33:54 - INFO - 从串口 /dev/ttyACM0 读取到数据，已发送到 MQTT 发送主题 com1send: b'invalid header: 0xffffffff\r\n'
2025-07-08 11:33:54 - INFO - 从串口 /dev/ttyACM0 读取到数据，已发送到 MQTT 发送主题 com1send: b'invalid header: 0xffffffff\r\ninvalid header: 0xffffffff\r\n'
2025-07-08 11:33:54 - INFO - 从串口 /dev/ttyACM0 读取到数据，已发送到 MQTT 发送主题 com1send: b'invalid header: 0xffffffff\r\n'
2025-07-08 11:33:54 - INFO - 从串口 /dev/ttyACM0 读取到数据，已发送到 MQTT 发送主题 com1send: b'invalid header: 0xffffffff\r\ninvalid header: 0xffffffff\r\n'
2025-07-08 11:33:54 - INFO - 从串口 /dev/ttyACM0 读取到数据，已发送到 MQTT 发送主题 com1send: b'invalid header: 0xffffffff\r\n'
2025-07-08 11:33:54 - INFO - 从串口 /dev/ttyACM0 读取到数据，已发送到 MQTT 发送主题 com1send: b'invalid header: 0xffffffff\r\ninvalid header: 0xffffffff\r\ninvalid header: 0xffffffff\r\n'
2025-07-08 11:33:54 - INFO - 从串口 /dev/ttyACM0 读取到数据，已发送到 MQTT 发送主题 com1send: b'invalid header: 0xffffffff\r\n'
2025-07-08 11:33:54 - INFO - 从串口 /dev/ttyACM0 读取到数据，已发送到 MQTT 发送主题 com1send: b'invalid header: 0xffffffff\r\n'
2025-07-08 11:33:54 - INFO - 从串口 /dev/ttyACM0 读取到数据，已发送到 MQTT 发送主题 com1send: b'invalid header: 0xffffffff\r\ninvalid header: 0xffffffff\r\ninvalid header: 0xffffffff\r\ninvalid header: 0xffffffff\r\ninvalid header: 0xffffffff\r\ninvalid header: 0xffffffff\r\n'
2025-07-08 11:33:54 - INFO - 从串口 /dev/ttyACM0 读取到数据，已发送到 MQTT 发送主题 com1send: b'invalid header: 0xffffffff\r\n'
2025-07-08 11:33:54 - INFO - 从串口 /dev/ttyACM0 读取到数据，已发送到 MQTT 发送主题 com1send: b'invalid header: 0xffffffff\r\ninvalid header: 0xffffffff\r\ninvalid header: 0xffffffff\r\ninvalid header: 0xffffffff\r\n'
2025-07-08 11:33:54 - INFO - 从串口 /dev/ttyACM0 读取到数据，已发送到 MQTT 发送主题 com1send: b'invalid header: 0xffffffff\r\n'
2025-07-08 11:33:54 - INFO - 从串口 /dev/ttyACM0 读取到数据，已发送到 MQTT 发送主题 com1send: b'invalid header: 0xffffffff\r\n'
2025-07-08 11:33:54 - INFO - 从串口 /dev/ttyACM0 读取到数据，已发送到 MQTT 发送主题 com1send: b'invalid header: 0xffffffff\r\ninvalid header: 0xffffffff\r\ninvalid header: 0xffffffff\r\n'
2025-07-08 11:33:54 - INFO - 从串口 /dev/ttyACM0 读取到数据，已发送到 MQTT 发送主题 com1send: b'invalid header: 0xffffffff\r\n'
2025-07-08 11:33:54 - INFO - 从串口 /dev/ttyACM0 读取到数据，已发送到 MQTT 发送主题 com1send: b'invalid header: 0xffffffff\r\ninvalid header: 0xffffffff\r\ninvalid header: 0xffffffff\r\n'
2025-07-08 11:33:54 - INFO - 从串口 /dev/ttyACM0 读取到数据，已发送到 MQTT 发送主题 com1send: b'invalid header: 0xffffffff\r\ninvalid header: 0xffffffff\r\ninvalid header: 0xffffffff\r\n'
2025-07-08 11:33:54 - INFO - 从串口 /dev/ttyACM0 读取到数据，已发送到 MQTT 发送主题 com1send: b'invalid header: 0xffffffff\r\ninvalid header: 0xffffffff\r\ninvalid header: 0xffffffff\r\n'
2025-07-08 11:33:54 - INFO - 从串口 /dev/ttyACM0 读取到数据，已发送到 MQTT 发送主题 com1send: b'invalid header: 0xffffffff\r\ninvalid header: 0xffffffff\r\ninvalid header: 0xffffffff\r\n'
2025-07-08 11:33:54 - INFO - 从串口 /dev/ttyACM0 读取到数据，已发送到 MQTT 发送主题 com1send: b'invalid header: 0xffffffff\r\n'
2025-07-08 11:33:54 - INFO - 从串口 /dev/ttyACM0 读取到数据，已发送到 MQTT 发送主题 com1send: b'invalid header: 0xffffffff\r\ninvalid header: 0xffffffff\r\n'
2025-07-08 11:33:54 - INFO - 从串口 /dev/ttyACM0 读取到数据，已发送到 MQTT 发送主题 com1send: b'invalid header: 0xffffffff\r\n'
2025-07-08 11:33:54 - INFO - 从串口 /dev/ttyACM0 读取到数据，已发送到 MQTT 发送主题 com1send: b'invalid header: 0xffffffff\r\ninvalid header: 0xffffffff\r\ninvalid header: 0xffffffff\r\n'
2025-07-08 11:33:54 - INFO - 从串口 /dev/ttyACM0 读取到数据，已发送到 MQTT 发送主题 com1send: b'invalid header: 0xffffffff\r\n'
2025-07-08 11:33:54 - INFO - 从串口 /dev/ttyACM0 读取到数据，已发送到 MQTT 发送主题 com1send: b'invalid header: 0xffffffff\r\ninvalid header: 0xffffffff\r\ninvalid header: 0xffffffff\r\n'
2025-07-08 11:33:54 - INFO - 从串口 /dev/ttyACM0 读取到数据，已发送到 MQTT 发送主题 com1send: b'invalid header: 0xffffffff\r\n'
2025-07-08 11:33:54 - INFO - 从串口 /dev/ttyACM0 读取到数据，已发送到 MQTT 发送主题 com1send: b'invalid header: 0xffffffff\r\ninvalid header: 0xffffffff\r\n'
2025-07-08 11:33:54 - INFO - 从串口 /dev/ttyACM0 读取到数据，已发送到 MQTT 发送主题 com1send: b'invalid header: 0xffffffff\r\ninvalid header: 0xffffffff\r\ninvalid header: 0xffffffff\r\n'
2025-07-08 11:33:54 - INFO - 从串口 /dev/ttyACM0 读取到数据，已发送到 MQTT 发送主题 com1send: b'invalid header: 0xffffffff\r\n'
2025-07-08 11:33:54 - INFO - 从串口 /dev/ttyACM0 读取到数据，已发送到 MQTT 发送主题 com1send: b'invalid header: 0xffffffff\r\ninvalid header: 0xffffffff\r\ninvalid header: 0xffffffff\r\n'
2025-07-08 11:33:54 - INFO - 从串口 /dev/ttyACM0 读取到数据，已发送到 MQTT 发送主题 com1send: b'invalid header: 0xffffffff\r\n'
2025-07-08 11:33:54 - INFO - 从串口 /dev/ttyACM0 读取到数据，已发送到 MQTT 发送主题 com1send: b'invalid header: 0xffffffff\r\ninvalid header: 0xffffffff\r\ninvalid header: 0xffffffff\r\n'
2025-07-08 11:33:54 - INFO - 从串口 /dev/ttyACM0 读取到数据，已发送到 MQTT 发送主题 com1send: b'invalid header: 0xffffffff\r\n'
2025-07-08 11:33:54 - INFO - 从串口 /dev/ttyACM0 读取到数据，已发送到 MQTT 发送主题 com1send: b'invalid header: 0xffffffff\r\ninvalid header: 0xffffffff\r\ninvalid header: 0xffffffff\r\n'
2025-07-08 11:33:54 - INFO - 从串口 /dev/ttyACM0 读取到数据，已发送到 MQTT 发送主题 com1send: b'invalid header: 0xffffffff\r\ninvalid header: 0xffffffff\r\ninvalid header: 0xffffffff\r\n'
2025-07-08 11:33:54 - INFO - 从串口 /dev/ttyACM0 读取到数据，已发送到 MQTT 发送主题 com1send: b'invalid header: 0xffffffff\r\n'
2025-07-08 11:33:54 - INFO - 从串口 /dev/ttyACM0 读取到数据，已发送到 MQTT 发送主题 com1send: b'invalid header: 0xffffffff\r\ninvalid header: 0xffffffff\r\ninvalid header: 0xffffffff\r\ninvalid header: 0xffffffff\r\n'
2025-07-08 11:33:54 - INFO - 从串口 /dev/ttyACM0 读取到数据，已发送到 MQTT 发送主题 com1send: b'invalid header: 0xffffffff\r\n'
2025-07-08 11:33:54 - INFO - 从串口 /dev/ttyACM0 读取到数据，已发送到 MQTT 发送主题 com1send: b'invalid header: 0xffffffff\r\ninvalid header: 0xffffffff\r\ninvalid header: 0xffffffff\r\n'
2025-07-08 11:33:54 - INFO - 从串口 /dev/ttyACM0 读取到数据，已发送到 MQTT 发送主题 com1send: b'invalid header: 0xffffffff\r\ninvalid header: 0xffffffff\r\n'
2025-07-08 11:33:54 - INFO - 从串口 /dev/ttyACM0 读取到数据，已发送到 MQTT 发送主题 com1send: b'invalid header: 0xffffffff\r\n'
2025-07-08 11:33:54 - INFO - 从串口 /dev/ttyACM0 读取到数据，已发送到 MQTT 发送主题 com1send: b'invalid header: 0xffffffff\r\ninvalid header: 0xffffffff\r\ninvalid header: 0xffffffff\r\ninvalid header: 0xffffffff\r\ninvalid header: 0xffffffff\r\n'
2025-07-08 11:33:54 - INFO - 从串口 /dev/ttyACM0 读取到数据，已发送到 MQTT 发送主题 com1send: b'invalid header: 0xffffffff\r\n'
2025-07-08 11:33:54 - INFO - 从串口 /dev/ttyACM0 读取到数据，已发送到 MQTT 发送主题 com1send: b'invalid header: 0xffffffff\r\ninvalid header: 0xffffffff\r\ninvalid header: 0xffffffff\r\ninvalid header: 0xffffffff\r\ninvalid header: 0xffffffff\r\ninvalid header: 0xffffffff\r\ninvalid header: 0xffffffff\r\ninvalid header: 0xffffffff\r\ninvalid header: 0xffffffff\r\ninvalid header: 0xffffffff\r\n'
2025-07-08 11:33:54 - INFO - 从串口 /dev/ttyACM0 读取到数据，已发送到 MQTT 发送主题 com1send: b'invalid header: 0xffffffff\r\ninvalid header: 0xffffffff\r\ninvalid header: 0xffffffff\r\ninvalid header: 0xffffffff\r\ninvalid header: 0xffffffff\r\ninvalid header: 0xffffffff\r\ninvalid header: 0xffffffff\r\ninvalid header: 0xffffffff\r\ninvalid header: 0xffffffff\r\ninvalid header: 0xffffffff\r\n'
2025-07-08 11:33:54 - INFO - 从串口 /dev/ttyACM0 读取到数据，已发送到 MQTT 发送主题 com1send: b'invalid header: 0xffffffff\r\ninvalid header: 0xffffffff\r\ninvalid header: 0xffffffff\r\ninvalid header: 0xffffffff\r\ninvalid header: 0xffffffff\r\ninvalid header: 0xffffffff\r\ninvalid header: 0xffffffff\r\ninvalid header: 0xffffffff\r\ninvalid header: 0xffffffff\r\ninvalid header: 0xffffffff\r\ninvalid header: 0xffffffff\r\ninvalid header: 0xffffffff\r\ninvalid header: 0xffffffff\r\ninvalid header: 0xffffffff\r\n'
2025-07-08 11:33:54 - INFO - 从串口 /dev/ttyACM0 读取到数据，已发送到 MQTT 发送主题 com1send: b'invalid header: 0xffffffff\r\ninvalid header: 0xffffffff\r\ninvalid header: 0xffffffff\r\ninvalid header: 0xffffffff\r\ninvalid header: 0xffffffff\r\ninvalid header: 0xffffffff\r\ninvalid header: 0xffffffff\r\ninvalid header: 0xffffffff\r\ninvalid header: 0xffffffff\r\ninvalid header: 0xffffffff\r\n'
2025-07-08 11:33:54 - INFO - 从串口 /dev/ttyACM0 读取到数据，已发送到 MQTT 发送主题 com1send: b'invalid header: 0xffffffff\r\ninvalid header: 0xffffffff\r\ninvalid header: 0xffffffff\r\ninvalid header: 0xffffffff\r\ninvalid header: 0xffffffff\r\ninvalid header: 0xffffffff\r\ninvalid header: 0xffffffff\r\ninvalid header: 0xffffffff\r\ninvalid header: 0xffffffff\r\n'
2025-07-08 11:33:54 - INFO - 从串口 /dev/ttyACM0 读取到数据，已发送到 MQTT 发送主题 com1send: b'invalid header: 0xffffffff\r\ninvalid header: 0xffffffff\r\ninvalid header: 0xffffffff\r\ninvalid header: 0xffffffff\r\ninvalid header: 0xffffffff\r\ninvalid header: 0xffffffff\r\ninvalid header: 0xffffffff\r\ninvalid header: 0xffffffff\r\ninvalid header: 0xffffffff\r\ninvalid header: 0xffffffff\r\ninvalid header: 0xffffffff\r\ninvalid header: 0xffffffff\r\ninvalid header: 0xffffffff\r\ninvalid header: 0xffffffff\r\ninvalid header: 0xffffffff\r\ninvalid header: 0xffffffff\r\ninvalid header: 0xffffffff\r\ninvalid header: 0xffffffff\r\ninvalid header: 0xffffffff\r\n'
2025-07-08 11:33:54 - INFO - 从串口 /dev/ttyACM0 读取到数据，已发送到 MQTT 发送主题 com1send: b'invalid header: 0xffffffff\r\ninvalid header: 0xffffffff\r\ninvalid header: 0xffffffff\r\ninvalid header: 0xffffffff\r\ninvalid header: 0xffffffff\r\ninvalid header: 0xffffffff\r\ninvalid header: 0xffffffff\r\ninvalid header: 0xffffffff\r\ninvalid header: 0xffffffff\r\n'
2025-07-08 11:33:54 - INFO - 从串口 /dev/ttyACM0 读取到数据，已发送到 MQTT 发送主题 com1send: b'invalid header: 0xffffffff\r\ninvalid header: 0xffffffff\r\ninvalid header: 0xffffffff\r\ninvalid header: 0xffffffff\r\ninvalid header: 0xffffffff\r\ninvalid header: 0xffffffff\r\ninvalid header: 0xffffffff\r\ninvalid header: 0xffffffff\r\ninvalid header: 0xffffffff\r\n'
2025-07-08 11:33:54 - INFO - 从串口 /dev/ttyACM0 读取到数据，已发送到 MQTT 发送主题 com1send: b'invalid header: 0xffffffff\r\ninvalid header: 0xffffffff\r\ninvalid header: 0xffffffff\r\ninvalid header: 0xffffffff\r\ninvalid header: 0xffffffff\r\ninvalid header: 0xffffffff\r\ninvalid header: 0xffffffff\r\ninvalid header: 0xffffffff\r\ninvalid header: 0xffffffff\r\ninvalid header: 0xffffffff\r\ninvalid header: 0xffffffff\r\ninvalid header: 0xffffffff\r\ninvalid header: 0xffffffff\r\n'
2025-07-08 11:33:54 - INFO - 从串口 /dev/ttyACM0 读取到数据，已发送到 MQTT 发送主题 com1send: b'invalid header: 0xffffffff\r\ninvalid header: 0xffffffff\r\ninvalid header: 0xffffffff\r\ninvalid header: 0xffffffff\r\n'
2025-07-08 11:33:54 - INFO - 从串口 /dev/ttyACM0 读取到数据，已发送到 MQTT 发送主题 com1send: b'invalid header: 0xffffffff\r\ninvalid header: 0xffffffff\r\ninvalid header: 0xffffffff\r\ninvalid header: 0xffffffff\r\ninvalid header: 0xffffffff\r\ninvalid header: 0xffffffff\r\ninvalid header: 0xffffffff\r\ninvalid header: 0xffffffff\r\ninvalid header: 0xffffffff\r\ninvalid header: 0xffffffff\r\ninvalid header: 0xffffffff\r\n'
2025-07-08 11:33:54 - INFO - 从串口 /dev/ttyACM0 读取到数据，已发送到 MQTT 发送主题 com1send: b'invalid header: 0xffffffff\r\ninvalid header: 0xffffffff\r\ninvalid header: 0xffffffff\r\ninvalid header: 0xffffffff\r\ninvalid header: 0xffffffff\r\ninvalid header: 0xffffffff\r\ninvalid header: 0xffffffff\r\ninvalid header: 0xffffffff\r\ninvalid header: 0xffffffff\r\n'
2025-07-08 11:33:54 - INFO - 从串口 /dev/ttyACM0 读取到数据，已发送到 MQTT 发送主题 com1send: b'invalid header: 0xffffffff\r\ninvalid header: 0xffffffff\r\ninvalid header: 0xffffffff\r\ninvalid header: 0xffffffff\r\ninvalid header: 0xffffffff\r\ninvalid header: 0xffffffff\r\ninvalid header: 0xffffffff\r\ninvalid header: 0xffffffff\r\n'
2025-07-08 11:33:54 - INFO - 从串口 /dev/ttyACM0 读取到数据，已发送到 MQTT 发送主题 com1send: b'invalid header: 0xffffffff\r\ninvalid header: 0xffffffff\r\ninvalid header: 0xffffffff\r\ninvalid header: 0xffffffff\r\ninvalid header: 0xffffffff\r\ninvalid header: 0xffffffff\r\ninvalid header: 0xffffffff\r\n'
2025-07-08 11:33:54 - INFO - 从串口 /dev/ttyACM0 读取到数据，已发送到 MQTT 发送主题 com1send: b'invalid header: 0xffffffff\r\ninvalid header: 0xffffffff\r\ninvalid header: 0xffffffff\r\ninvalid header: 0xffffffff\r\ninvalid header: 0xffffffff\r\ninvalid header: 0xffffffff\r\n'
2025-07-08 11:33:54 - INFO - 从串口 /dev/ttyACM0 读取到数据，已发送到 MQTT 发送主题 com1send: b'invalid header: 0xffffffff\r\ninvalid header: 0xffffffff\r\ninvalid header: 0xffffffff\r\n'
2025-07-08 11:33:54 - INFO - 从串口 /dev/ttyACM0 读取到数据，已发送到 MQTT 发送主题 com1send: b'invalid header: 0xffffffff\r\ninvalid header: 0xffffffff\r\n'
2025-07-08 11:33:54 - INFO - 从串口 /dev/ttyACM0 读取到数据，已发送到 MQTT 发送主题 com1send: b'invalid header: 0xffffffff\r\ninvalid header: 0xffffffff\r\ninvalid header: 0xffffffff\r\ninvalid header: 0xffffffff\r\ninvalid header: 0xffffffff\r\ninvalid header: 0xffffffff\r\ninvalid header: 0xffffffff\r\ninvalid header: 0xffffffff\r\ninvalid header: 0xffffffff\r\n'
2025-07-08 11:33:54 - INFO - 从串口 /dev/ttyACM0 读取到数据，已发送到 MQTT 发送主题 com1send: b'invalid header: 0xffffffff\r\ninvalid header: 0xffffffff\r\ninvalid header: 0xffffffff\r\ninvalid header: 0xffffffff\r\ninvalid header: 0xffffffff\r\ninvalid header: 0xffffffff\r\ninvalid header: 0xffffffff\r\ninvalid header: 0xffffffff\r\n'
2025-07-08 11:33:54 - INFO - 从串口 /dev/ttyACM0 读取到数据，已发送到 MQTT 发送主题 com1send: b'invalid header: 0xffffffff\r\ninvalid header: 0xffffffff\r\ninvalid header: 0xffffffff\r\ninvalid header: 0xffffffff\r\ninvalid header: 0xffffffff\r\ninvalid header: 0xffffffff\r\ninvalid header: 0xffffffff\r\ninvalid header: 0xffffffff\r\ninvalid header: 0xffffffff\r\n'
2025-07-08 11:33:54 - INFO - 从串口 /dev/ttyACM0 读取到数据，已发送到 MQTT 发送主题 com1send: b'invalid header: 0xffffffff\r\ninvalid header: 0xffffffff\r\ninvalid header: 0xffffffff\r\ninvalid header: 0xffffffff\r\ninvalid header: 0xffffffff\r\ninvalid header: 0xffffffff\r\n'
2025-07-08 11:33:54 - INFO - 从串口 /dev/ttyACM0 读取到数据，已发送到 MQTT 发送主题 com1send: b'invalid header: 0xffffffff\r\ninvalid header: 0xffffffff\r\ninvalid header: 0xffffffff\r\ninvalid header: 0xffffffff\r\ninvalid header: 0xffffffff\r\ninvalid header: 0xffffffff\r\ninvalid header: 0xffffffff\r\ninvalid header: 0xffffffff\r\ninvalid header: 0xffffffff\r\ninvalid header: 0xffffffff\r\ninvalid header: 0xffffffff\r\ninvalid header: 0xffffffff\r\ninvalid header: 0xffffffff\r\n'
2025-07-08 11:33:54 - INFO - 从串口 /dev/ttyACM0 读取到数据，已发送到 MQTT 发送主题 com1send: b'invalid header: 0xffffffff\r\ninvalid header: 0xffffffff\r\ninvalid header: 0xffffffff\r\ninvalid header: 0xffffffff\r\ninvalid header: 0xffffffff\r\ninvalid header: 0xffffffff\r\ninvalid header: 0xffffffff\r\ninvalid header: 0xffffffff\r\ninvalid header: 0xffffffff\r\n'
2025-07-08 11:33:54 - INFO - 从串口 /dev/ttyACM0 读取到数据，已发送到 MQTT 发送主题 com1send: b'invalid header: 0xffffffff\r\ninvalid header: 0xffffffff\r\n'
2025-07-08 11:33:54 - INFO - 从串口 /dev/ttyACM0 读取到数据，已发送到 MQTT 发送主题 com1send: b'invalid header: 0xffffffff\r\ninvalid header: 0xffffffff\r\ninvalid header: 0xffffffff\r\ninvalid header: 0xffffffff\r\ninvalid header: 0xffffffff\r\ninvalid header: 0xffffffff\r\ninvalid header: 0xffffffff\r\n'
2025-07-08 11:33:54 - INFO - 从串口 /dev/ttyACM0 读取到数据，已发送到 MQTT 发送主题 com1send: b'invalid header: 0xffffffff\r\ninvalid header: 0xffffffff\r\ninvalid header: 0xffffffff\r\ninvalid header: 0xffffffff\r\ninvalid header: 0xffffffff\r\ninvalid header: 0xffffffff\r\ninvalid header: 0xffffffff\r\ninvalid header: 0xffffffff\r\n'
2025-07-08 11:33:54 - INFO - 从串口 /dev/ttyACM0 读取到数据，已发送到 MQTT 发送主题 com1send: b'invalid header: 0xffffffff\r\ninvalid header: 0xffffffff\r\ninvalid header: 0xffffffff\r\ninvalid header: 0xffESP-ROM:esp32c3-api1-20210207\r\nBuild:Feb  7 2021\r\nrst:0x7 (TG0WDT_SYS_RST),boot:0xf (SPI_FAST_FLASH_BOOT)\r\nSaved PC:0x40053f88\r\ninvalid header: 0xffffffff\r\ninvalid header: 0xffffffff\r\ninvalid header: 0xffffffff\r\n'
2025-07-08 11:33:54 - INFO - 从串口 /dev/ttyACM0 读取到数据，已发送到 MQTT 发送主题 com1send: b'invalid header: 0xffffffff\r\ninvalid header: 0xffffffff\r\ninvalid header: 0xffffffff\r\ninvalid header: 0xffffffff\r\n'
2025-07-08 11:33:55 - INFO - 从串口 /dev/ttyACM0 读取到数据，已发送到 MQTT 发送主题 com1send: b'invalid header: 0xffffffff\r\ninvalid header: 0xffffffff\r\ninvalid header: 0xffffffff\r\ninvalid header: 0xffffffff\r\ninvalid header: 0xffffffff\r\ninvalid header: 0xffffffff\r\ninvalid header: 0xffffffff\r\ninvalid header: 0xffffffff\r\ninvalid header: 0xffffffff\r\ninvalid header: 0xffffffff\r\ninvalid header: 0xffffffff\r\ninvalid header: 0xffffffff\r\ninvalid header: 0xffffffff\r\n'
2025-07-08 11:33:55 - INFO - 从串口 /dev/ttyACM0 读取到数据，已发送到 MQTT 发送主题 com1send: b'invalid header: 0xffffffff\r\ninvalid header: 0xffffffff\r\ninvalid header: 0xffffffff\r\ninvalid header: 0xffffffff\r\ninvalid header: 0xffffffff\r\ninvalid header: 0xffffffff\r\n'
2025-07-08 11:33:55 - ERROR - 读取串口 /dev/ttyACM0 数据时出错: [Errno 5] Input/output error
2025-07-08 11:35:22 - INFO - 程序手动终止
2025-07-08 11:35:33 - INFO - 已打开串口 /dev/ttyACM0
2025-07-08 11:35:33 - INFO - MQTT 连接成功
2025-07-08 11:35:33 - INFO - 订阅接收主题: com1receive
2025-07-08 11:35:33 - INFO - 从串口 /dev/ttyACM0 读取到数据，已发送到 MQTT 发送主题 com1send: b'invalid header: 0xffffffff\r\ninvalid header: 0xffffffff\r\ninvalid header: 0xffffffff\r\ninvalid header: 0xffffffff\r\ninvalid header: 0xffffffff\r\ninvalid header: 0xffffffff\r\n'
2025-07-08 11:35:33 - INFO - 从串口 /dev/ttyACM0 读取到数据，已发送到 MQTT 发送主题 com1send: b'invalid header: 0xffffffff\r\ninvalid header: 0xffffffff\r\ninvalid header: 0xffffffff\r\ninvalid header: 0xffffffff\r\ninvalid header: 0xffffffff\r\ninvalid header: 0xffffffff\r\ninvalid header: 0xffffffff\r\ninvalid header: 0xffffffff\r\ninvalid header: 0xffffffff\r\ninvalid header: 0xffffffff\r\ninvalid header: 0xffffffff\r\ninvalid header: 0xffffffff\r\ninvalid header: 0xffffffff\r\ninvalid header: 0xffffffff\r\ninvalid header: 0xffffffff\r\ninvalid header: 0xffffffff\r\ninvalid header: 0xffffffff\r\ninvalid header: 0xffffffff\r\n'
2025-07-08 11:35:33 - INFO - 从串口 /dev/ttyACM0 读取到数据，已发送到 MQTT 发送主题 com1send: b'invalid header: 0xffffffff\r\ninvalid header: 0xffffffff\r\ninvalid header: 0xffffffff\r\ninvalid header: 0xffffffff\r\ninvalid header: 0xffffffff\r\ninvalid header: 0xffffffff\r\ninvalid header: 0xffffffff\r\ninvalid header: 0xffffffff\r\ninvalid header: 0xffffffff\r\n'
2025-07-08 11:35:33 - INFO - 从串口 /dev/ttyACM0 读取到数据，已发送到 MQTT 发送主题 com1send: b'invalid header: 0xffffffff\r\ninvalid header: 0xffffffff\r\ninvalid header: 0xffffffff\r\ninvalid header: 0xffffffff\r\ninvalid header: 0xffffffff\r\ninvalid header: 0xffffffff\r\ninvalid header: 0xffffffff\r\ninvalid header: 0xffffffff\r\ninvalid header: 0xffffffff\r\n'
2025-07-08 11:35:33 - INFO - 从串口 /dev/ttyACM0 读取到数据，已发送到 MQTT 发送主题 com1send: b'invalid header: 0xffffffff\r\ninvalid header: 0xffffffff\r\ninvalid header: 0xffffffff\r\ninvalid header: 0xffffffff\r\ninvalid header: 0xffffffff\r\ninvalid header: 0xffffffff\r\ninvalid header: 0xffffffff\r\ninvalid header: 0xffffffff\r\ninvalid header: 0xffffffff\r\n'
2025-07-08 11:35:33 - INFO - 从串口 /dev/ttyACM0 读取到数据，已发送到 MQTT 发送主题 com1send: b'invalid header: 0xffffffff\r\ninvalid header: 0xffffffff\r\ninvalid header: 0xffffffff\r\ninvalid header: 0xffffffff\r\n'
2025-07-08 11:35:33 - INFO - 从串口 /dev/ttyACM0 读取到数据，已发送到 MQTT 发送主题 com1send: b'invalid header: 0xffffffff\r\ninvalid header: 0xffffffff\r\ninvalid header: 0xffffffff\r\ninvalid header: 0xffffffff\r\ninvalid header: 0xffffffff\r\ninvalid header: 0xffffffff\r\ninvalid header: 0xffffffff\r\n'
2025-07-08 11:35:33 - INFO - 从串口 /dev/ttyACM0 读取到数据，已发送到 MQTT 发送主题 com1send: b'invalid header: 0xffffffff\r\ninvalid header: 0xffffffff\r\n'
2025-07-08 11:35:33 - INFO - 从串口 /dev/ttyACM0 读取到数据，已发送到 MQTT 发送主题 com1send: b'invalid header: 0xffffffff\r\ninvalid header: 0xffffffff\r\ninvalid headESP-ROM:esp32c3-api1-20210207\r\nBuild:Feb  7 2021\r\nrst:0x7 (TG0WDT_SYS_RST),boot:0xd (SPI_FAST_FLASH_BOOT)\r\nSaved PC:0x4004c0d4\r\ninvalid header: 0xffffffff\r\ninvalid header: 0xffffffff\r\n'
2025-07-08 11:35:33 - INFO - 从串口 /dev/ttyACM0 读取到数据，已发送到 MQTT 发送主题 com1send: b'invalid header: 0xffffffff\r\ninvalid header: 0xffffffff\r\ninvalid header: 0xffffffff\r\ninvalid header: 0xffffffff\r\ninvalid header: 0xffffffff\r\ninvalid header: 0xffffffff\r\ninvalid header: 0xffffffff\r\ninvalid header: 0xffffffff\r\ninvalid header: 0xffffffff\r\ninvalid header: 0xffffffff\r\ninvalid header: 0xffffffff\r\ninvalid header: 0xffffffff\r\ninvalid header: 0xffffffff\r\n'
2025-07-08 11:35:33 - INFO - 从串口 /dev/ttyACM0 读取到数据，已发送到 MQTT 发送主题 com1send: b'invalid header: 0xffffffff\r\ninvalid header: 0xffffffff\r\ninvalid header: 0xffffffff\r\ninvalid header: 0xffffffff\r\ninvalid header: 0xffffffff\r\ninvalid header: 0xffffffff\r\ninvalid header: 0xffffffff\r\n'
2025-07-08 11:35:33 - INFO - 从串口 /dev/ttyACM0 读取到数据，已发送到 MQTT 发送主题 com1send: b'invalid header: 0xffffffff\r\ninvalid header: 0xffffffff\r\ninvalid header: 0xffffffff\r\ninvalid header: 0xffffffff\r\ninvalid header: 0xffffffff\r\ninvalid header: 0xffffffff\r\ninvalid header: 0xffffffff\r\n'
2025-07-08 11:35:33 - INFO - 从串口 /dev/ttyACM0 读取到数据，已发送到 MQTT 发送主题 com1send: b'invalid header: 0xffffffff\r\ninvalid header: 0xffffffff\r\n'
2025-07-08 11:35:33 - INFO - 从串口 /dev/ttyACM0 读取到数据，已发送到 MQTT 发送主题 com1send: b'invalid header: 0xffffffff\r\ninvalid header: 0xffffffff\r\ninvalid header: 0xffffffff\r\ninvalid header: 0xffffffff\r\ninvalid header: 0xffffffff\r\ninvalid header: 0xffffffff\r\n'
2025-07-08 11:35:33 - INFO - 从串口 /dev/ttyACM0 读取到数据，已发送到 MQTT 发送主题 com1send: b'invalid header: 0xffffffff\r\n'
2025-07-08 11:35:33 - INFO - 从串口 /dev/ttyACM0 读取到数据，已发送到 MQTT 发送主题 com1send: b'invalid header: 0xffffffff\r\n'
2025-07-08 11:35:33 - INFO - 从串口 /dev/ttyACM0 读取到数据，已发送到 MQTT 发送主题 com1send: b'invalid header: 0xffffffff\r\ninvalid header: 0xffffffff\r\ninvalid header: 0xffffffff\r\n'
2025-07-08 11:35:33 - INFO - 从串口 /dev/ttyACM0 读取到数据，已发送到 MQTT 发送主题 com1send: b'invalid header: 0xffffffff\r\n'
2025-07-08 11:35:33 - INFO - 从串口 /dev/ttyACM0 读取到数据，已发送到 MQTT 发送主题 com1send: b'invalid header: 0xffffffff\r\ninvalid header: 0xffffffff\r\ninvalid header: 0xffffffff\r\n'
2025-07-08 11:35:33 - INFO - 从串口 /dev/ttyACM0 读取到数据，已发送到 MQTT 发送主题 com1send: b'invalid header: 0xffffffff\r\n'
2025-07-08 11:35:33 - INFO - 从串口 /dev/ttyACM0 读取到数据，已发送到 MQTT 发送主题 com1send: b'invalid header: 0xffffffff\r\ninvalid header: 0xffffffff\r\ninvalid header: 0xffffffff\r\n'
2025-07-08 11:35:33 - INFO - 从串口 /dev/ttyACM0 读取到数据，已发送到 MQTT 发送主题 com1send: b'invalid header: 0xffffffff\r\n'
2025-07-08 11:35:33 - INFO - 从串口 /dev/ttyACM0 读取到数据，已发送到 MQTT 发送主题 com1send: b'invalid header: 0xffffffff\r\ninvalid header: 0xffffffff\r\ninvalid header: 0xffffffff\r\n'
2025-07-08 11:35:33 - INFO - 从串口 /dev/ttyACM0 读取到数据，已发送到 MQTT 发送主题 com1send: b'invalid header: 0xffffffff\r\ninvalid header: 0xffffffff\r\ninvalid header: 0xffffffff\r\ninvalid header: 0xffffffff\r\ninvalid header: 0xffffffff\r\ninvalid header: 0xffffffff\r\ninvalid header: 0xffffffff\r\ninvalid header: 0xffffffff\r\n'
2025-07-08 11:35:33 - INFO - 从串口 /dev/ttyACM0 读取到数据，已发送到 MQTT 发送主题 com1send: b'invalid header: 0xffffffff\r\n'
2025-07-08 11:35:33 - INFO - 从串口 /dev/ttyACM0 读取到数据，已发送到 MQTT 发送主题 com1send: b'invalid header: 0xffffffff\r\n'
2025-07-08 11:35:33 - INFO - 从串口 /dev/ttyACM0 读取到数据，已发送到 MQTT 发送主题 com1send: b'invalid header: 0xffffffff\r\ninvalid header: 0xffffffff\r\ninvalid header: 0xffffffff\r\ninvalid header: 0xffffffff\r\ninvalid header: 0xffffffff\r\ninvalid header: 0xffffffff\r\ninvalid header: 0xffffffff\r\ninvalid header: 0xffffffff\r\ninvalid header: 0xffffffff\r\ninvalid header: 0xffffffff\r\n'
2025-07-08 11:35:33 - INFO - 从串口 /dev/ttyACM0 读取到数据，已发送到 MQTT 发送主题 com1send: b'invalid header: 0xffffffff\r\ninvalid header: 0xffffffff\r\ninvalid header: 0xffffffff\r\ninvalid header: 0xffffffff\r\ninvalid header: 0xffffffff\r\ninvalid header: 0xffffffff\r\ninvalid header: 0xffffffff\r\ninvalid header: 0xffffffff\r\ninvalid header: 0xffffffff\r\ninvalid header: 0xffffffff\r\ninvalid header: 0xffffffff\r\n'
2025-07-08 11:35:33 - INFO - 从串口 /dev/ttyACM0 读取到数据，已发送到 MQTT 发送主题 com1send: b'invalid header: 0xffffffff\r\ninvalid header: 0xffffffff\r\ninvalid header: 0xffffffff\r\ninvalid header: 0xffffffff\r\ninvalid header: 0xffffffff\r\ninvalid header: 0xffffffff\r\ninvalid header: 0xffffffff\r\ninvalid header: 0xffffffff\r\ninvalid header: 0xffffffff\r\n'
2025-07-08 11:35:33 - INFO - 从串口 /dev/ttyACM0 读取到数据，已发送到 MQTT 发送主题 com1send: b'invalid header: 0xffffffff\r\ninvalid header: 0xffffffff\r\ninvalid header: 0xffffffff\r\ninvalid header: 0xffffffff\r\ninvalid header: 0xffffffff\r\ninvalid header: 0xffffffff\r\ninvalid header: 0xffffffff\r\ninvalid header: 0xffffffff\r\ninvalid header: 0xffffffff\r\ninvalid header: 0xffffffff\r\ninvalid header: 0xffffffff\r\n'
2025-07-08 11:35:33 - INFO - 从串口 /dev/ttyACM0 读取到数据，已发送到 MQTT 发送主题 com1send: b'invalid header: 0xffffffff\r\ninvalid header: 0xffffffff\r\ninvalid header: 0xffffffff\r\ninvalid header: 0xffffffff\r\ninvalid header: 0xffffffff\r\n'
2025-07-08 11:35:33 - INFO - 从串口 /dev/ttyACM0 读取到数据，已发送到 MQTT 发送主题 com1send: b'invalid header: 0xffffffff\r\ninvalid header: 0xffffffff\r\n'
2025-07-08 11:35:33 - INFO - 从串口 /dev/ttyACM0 读取到数据，已发送到 MQTT 发送主题 com1send: b'invalid header: 0xffffffff\r\ninvalid header: 0xffffffff\r\ninvalid header: 0xffffffff\r\ninvalid header: 0xffffffff\r\ninvalid header: 0xffffffff\r\n'
2025-07-08 11:35:33 - INFO - 从串口 /dev/ttyACM0 读取到数据，已发送到 MQTT 发送主题 com1send: b'invalid header: 0xffffffff\r\ninvalid header: 0xffffffff\r\n'
2025-07-08 11:35:34 - INFO - 从串口 /dev/ttyACM0 读取到数据，已发送到 MQTT 发送主题 com1send: b'invalid header: 0xffffffff\r\ninvalid header: 0xffffffff\r\ninvalid header: 0xffffffff\r\ninvalid header: 0xffffffff\r\ninvalid header: 0xffffffff\r\ninvalid header: 0xffffffff\r\ninvalid header: 0xffffffff\r\ninvalid header: 0xffffffff\r\ninvalid header: 0xffffffff\r\n'
2025-07-08 11:35:34 - INFO - 从串口 /dev/ttyACM0 读取到数据，已发送到 MQTT 发送主题 com1send: b'invalid header: 0xffffffff\r\ninvalid header: 0xffffffff\r\ninvalid header: 0xffffffff\r\ninvalid header: 0xffffffff\r\n'
2025-07-08 11:35:34 - INFO - 从串口 /dev/ttyACM0 读取到数据，已发送到 MQTT 发送主题 com1send: b'invalid header: 0xffffffff\r\ninvalid header: 0xffffffff\r\ninvalid header: 0xffffffff\r\ninvalid header: 0xffffffff\r\ninvalid header: 0xffffffff\r\ninvalid header: 0xffffffff\r\ninvalid header: 0xffffffff\r\n'
2025-07-08 11:35:34 - INFO - 从串口 /dev/ttyACM0 读取到数据，已发送到 MQTT 发送主题 com1send: b'invalid header: 0xffffffff\r\ninvalid header: 0xffffffff\r\n'
2025-07-08 11:35:34 - INFO - 从串口 /dev/ttyACM0 读取到数据，已发送到 MQTT 发送主题 com1send: b'invalid header: 0xffffffff\r\ninvalid header: 0xffffffff\r\n'
2025-07-08 11:35:34 - INFO - 从串口 /dev/ttyACM0 读取到数据，已发送到 MQTT 发送主题 com1send: b'invalid header: 0xffffffff\r\ninvalid header: 0xffffffff\r\ninvalid header: 0xffffffff\r\ninvalid header: 0xffffffff\r\ninvalid header: 0xffffffff\r\ninvalid header: 0xffffffff\r\ninvalid header: 0xffffffff\r\ninvalid header: 0xffffffff\r\ninvalid header: 0xffffffff\r\ninvalid header: 0xffffffff\r\ninvalid header: 0xffffffff\r\n'
2025-07-08 11:35:34 - INFO - 从串口 /dev/ttyACM0 读取到数据，已发送到 MQTT 发送主题 com1send: b'invalid header: 0xffffffff\r\ninvalid header: 0xffffffff\r\ninvalid header: 0xffffffff\r\ninvalid header: 0xffffffff\r\ninvalid header: 0xffffffff\r\ninvalid header: 0xffffffff\r\ninvalid header: 0xffffffff\r\ninvalid header: 0xffffffff\r\ninvalid header: 0xffffffff\r\n'
2025-07-08 11:35:34 - INFO - 从串口 /dev/ttyACM0 读取到数据，已发送到 MQTT 发送主题 com1send: b'invalid header: 0xffffffff\r\ninvalid header: 0xffffffff\r\n'
2025-07-08 11:35:34 - INFO - 从串口 /dev/ttyACM0 读取到数据，已发送到 MQTT 发送主题 com1send: b'invalid header: 0xffffffff\r\ninvalid header: 0xffffffff\r\ninvalid header: 0xffffffff\r\ninvalid header: 0xffffffff\r\ninvalid header: 0xffffffff\r\n'
2025-07-08 11:35:34 - INFO - 从串口 /dev/ttyACM0 读取到数据，已发送到 MQTT 发送主题 com1send: b'invalid header: 0xffffffff\r\ninvalid header: 0xffffffff\r\ninvalid header: 0xffffffff\r\ninvalid header: 0xffffffff\r\n'
2025-07-08 11:35:34 - INFO - 从串口 /dev/ttyACM0 读取到数据，已发送到 MQTT 发送主题 com1send: b'invalid header: 0xffffffff\r\ninvalid header: 0xffffffff\r\ninvalid header: 0xffffffff\r\ninvalid header: 0xffffffff\r\n'
2025-07-08 11:35:34 - INFO - 从串口 /dev/ttyACM0 读取到数据，已发送到 MQTT 发送主题 com1send: b'invalid header: 0xffffffff\r\n'
2025-07-08 11:35:34 - INFO - 从串口 /dev/ttyACM0 读取到数据，已发送到 MQTT 发送主题 com1send: b'invalid header: 0xffffffff\r\ninvalid header: 0xffffffff\r\n'
2025-07-08 11:35:34 - INFO - 从串口 /dev/ttyACM0 读取到数据，已发送到 MQTT 发送主题 com1send: b'invalid header: 0xffffffff\r\ninvalid header: 0xffffffff\r\ninvalid header: 0xffffffff\r\ninvalid header: 0xffffffff\r\ninvalid header: 0xffffffff\r\ninvalid header: 0xffffffff\r\ninvalid header: 0xffffffff\r\ninvalid header: 0xffffffff\r\ninvalid header: 0xffffffff\r\ninvalid header: 0xffffffff\r\ninvalid header: 0xffffffff\r\n'
2025-07-08 11:35:34 - INFO - 从串口 /dev/ttyACM0 读取到数据，已发送到 MQTT 发送主题 com1send: b'invalid header: 0xffffffff\r\ninvalid header: 0xffffffff\r\ninvalid header: 0xffffffff\r\n'
2025-07-08 11:35:34 - INFO - 从串口 /dev/ttyACM0 读取到数据，已发送到 MQTT 发送主题 com1send: b'invalid header: 0xffffffff\r\ninvalid header: 0xffffffff\r\ninvalid header: 0xffffffff\r\ninvalid header: 0xffffffff\r\ninvalid header: 0xffffffff\r\ninvalid header: 0xffffffff\r\n'
2025-07-08 11:35:34 - INFO - 从串口 /dev/ttyACM0 读取到数据，已发送到 MQTT 发送主题 com1send: b'invalid header: 0xffffffff\r\n'
2025-07-08 11:35:34 - INFO - 从串口 /dev/ttyACM0 读取到数据，已发送到 MQTT 发送主题 com1send: b'invalid header: 0xffffffff\r\ninvalid header: 0xffffffff\r\ninvalid header: 0xffffffff\r\n'
2025-07-08 11:35:34 - INFO - 从串口 /dev/ttyACM0 读取到数据，已发送到 MQTT 发送主题 com1send: b'invalid header: 0xffffffff\r\ninvalid header: 0xffffffff\r\ninvalid header: 0xffffffff\r\n'
2025-07-08 11:35:34 - INFO - 从串口 /dev/ttyACM0 读取到数据，已发送到 MQTT 发送主题 com1send: b'invalid header: 0xffffffff\r\ninvalid header: 0xffffffff\r\ninvalid header: 0xffffffff\r\ninvalid header: 0xffffffff\r\n'
2025-07-08 11:35:34 - INFO - 从串口 /dev/ttyACM0 读取到数据，已发送到 MQTT 发送主题 com1send: b'invalid header: 0xffffffff\r\n'
2025-07-08 11:35:34 - INFO - 从串口 /dev/ttyACM0 读取到数据，已发送到 MQTT 发送主题 com1send: b'invalid header: 0xffffffff\r\ninvalid header: 0xffffffff\r\n'
2025-07-08 11:35:34 - INFO - 从串口 /dev/ttyACM0 读取到数据，已发送到 MQTT 发送主题 com1send: b'invalid header: 0xffffffff\r\ninvalid header: 0xffffffff\r\ninvalid header: 0xffffffff\r\ninvalid header: 0xffffffff\r\ninvalid header: 0xffffffff\r\ninvalid header: 0xffffffff\r\ninvalid header: 0xffffffff\r\ninvalid header: 0xffffffff\r\ninvalid header: 0xffffffff\r\ninvalid header: 0xffffffff\r\ninvalid header: 0xffffffff\r\n'
2025-07-08 11:35:34 - INFO - 从串口 /dev/ttyACM0 读取到数据，已发送到 MQTT 发送主题 com1send: b'invalid header: 0xffffffff\r\ninvalid header: 0xffffffff\r\ninvalid header: 0xffffffff\r\ninvalid header: 0xffffffff\r\n'
2025-07-08 11:35:34 - INFO - 从串口 /dev/ttyACM0 读取到数据，已发送到 MQTT 发送主题 com1send: b'invalid header: 0xffffffff\r\ninvalid header: 0xffffffff\r\ninvalid header: 0xffffffff\r\ninvalid header: 0xffffffff\r\n'
2025-07-08 11:35:34 - INFO - 从串口 /dev/ttyACM0 读取到数据，已发送到 MQTT 发送主题 com1send: b'invalid header: 0xffffffff\r\ninvalid header: 0xffffffff\r\n'
2025-07-08 11:35:34 - INFO - 从串口 /dev/ttyACM0 读取到数据，已发送到 MQTT 发送主题 com1send: b'invalid header: 0xffffffff\r\ninvalid header: 0xffffffff\r\n'
2025-07-08 11:35:34 - INFO - 从串口 /dev/ttyACM0 读取到数据，已发送到 MQTT 发送主题 com1send: b'invalid header: 0xffffffff\r\ninvalid header: 0xffffffff\r\ninvalid header: 0xffffffff\r\ninvalid header: 0xffffffff\r\ninvalid header: 0xffffffff\r\n'
2025-07-08 11:35:34 - INFO - 从串口 /dev/ttyACM0 读取到数据，已发送到 MQTT 发送主题 com1send: b'invalid header: 0xffffffff\r\ninvalid header: 0xffffffff\r\ninvalid header: 0xffffffff\r\ninvalid header: 0xffffffff\r\ninvalid header: 0xffffffff\r\ninvalid header: 0xffffffff\r\ninvalid header: 0xffffffff\r\ninvalid header: 0xffffffff\r\n'
2025-07-08 11:35:34 - INFO - 从串口 /dev/ttyACM0 读取到数据，已发送到 MQTT 发送主题 com1send: b'invalid header: 0xffffffff\r\ninvalid header: 0xffffffff\r\ninvalid header: 0xffffffff\r\ninvalid header: 0xffffffff\r\ninvalid header: 0xffffffff\r\ninvalid header: 0xffffffff\r\ninvalid header: 0xffffffff\r\ninvalid header: 0xffffffff\r\ninvalid header: 0xffffffff\r\ninvalid header: 0xffffffff\r\ninvalid header: 0xffffffff\r\ninvalid header: 0xffffffff\r\ninvalid header: 0xffffffff\r\ninvalid header: 0xffffffff\r\n'
2025-07-08 11:35:34 - INFO - 从串口 /dev/ttyACM0 读取到数据，已发送到 MQTT 发送主题 com1send: b'invalid header: 0xffffffff\r\ninvalid header: 0xffffffff\r\ninvalid header: 0xffffffff\r\ninvalid header: 0xffffffff\r\ninvalid header: 0xffffffff\r\ninvalid header: 0xffffffff\r\ninvalid header: 0xffffffff\r\ninvalid header: 0xffffffff\r\ninvalid header: 0xffffffff\r\n'
2025-07-08 11:35:34 - INFO - 从串口 /dev/ttyACM0 读取到数据，已发送到 MQTT 发送主题 com1send: b'invalid header: 0xffffffff\r\ninvalid header: 0xffffffff\r\ninvalid header: 0xffffffff\r\ninvalid header: 0xffffffff\r\ninvalid header: 0xffffffff\r\ninvalid header: 0xffffffff\r\ninvalid header: 0xffffffff\r\ninvalid header: 0xffffffff\r\n'
2025-07-08 11:35:34 - INFO - 从串口 /dev/ttyACM0 读取到数据，已发送到 MQTT 发送主题 com1send: b'invalid header: 0xffffffff\r\ninvalid header: 0xffffffff\r\ninvalid header: 0xffffffff\r\ninvalid header: 0xffffffff\r\ninvalid header: 0xffffffff\r\ninvalid header: 0xffffffff\r\ninvalid header: 0xffffffff\r\n'
2025-07-08 11:35:34 - INFO - 从串口 /dev/ttyACM0 读取到数据，已发送到 MQTT 发送主题 com1send: b'invalid header: 0xffffffff\r\ninvalid header: 0xffffffff\r\ninvalid header: 0xffffffff\r\ninvalid header: 0xffffffff\r\ninvalid header: 0xffffffff\r\ninvalid header: 0xffffffff\r\ninvalid header: 0xffffffff\r\ninvalid header: 0xffffffff\r\ninvalid header: 0xffffffff\r\ninvalid header: 0xffffffff\r\ninvalid header: 0xffffffff\r\ninvalid header: 0xffffffff\r\ninvalid header: 0xffffffff\r\n'
2025-07-08 11:35:34 - INFO - 从串口 /dev/ttyACM0 读取到数据，已发送到 MQTT 发送主题 com1send: b'invalid header: 0xffffffff\r\ninvalid header: 0xffffffff\r\n'
2025-07-08 11:35:34 - INFO - 从串口 /dev/ttyACM0 读取到数据，已发送到 MQTT 发送主题 com1send: b'invalid header: 0xffffffff\r\ninvalid header: 0xffffffff\r\ninvalid header: 0xffffffff\r\ninvalid header: 0xffffffff\r\ninvalid header: 0xffffffff\r\n'
2025-07-08 11:35:34 - INFO - 从串口 /dev/ttyACM0 读取到数据，已发送到 MQTT 发送主题 com1send: b'invalid header: 0xffffffff\r\ninvalid header: 0xffffffff\r\ninvalid header: 0xffffffff\r\ninvalid header: 0xffffffff\r\n'
2025-07-08 11:35:34 - INFO - 从串口 /dev/ttyACM0 读取到数据，已发送到 MQTT 发送主题 com1send: b'invalid header: 0xffffffff\r\ninvalid header: 0xffffffff\r\ninvalid header: 0xffffffff\r\n'
2025-07-08 11:35:34 - INFO - 从串口 /dev/ttyACM0 读取到数据，已发送到 MQTT 发送主题 com1send: b'invalid header: 0xffffffff\r\ninvalid header: 0xffffffff\r\ninvalid header: 0xffffffff\r\ninvalid header: 0xffffffff\r\n'
2025-07-08 11:35:34 - INFO - 从串口 /dev/ttyACM0 读取到数据，已发送到 MQTT 发送主题 com1send: b'invalid header: 0xffffffff\r\ninvalid header: 0xffffffff\r\ninvalid header: 0xffffffff\r\ninvalid header: 0xffffffff\r\ninvalid header: 0xffffffff\r\ninvalid header: 0xffffffff\r\ninvalid header: 0xffffffff\r\ninvalid header: 0xffffffff\r\ninvalid header: 0xffffffff\r\ninvalid header: 0xffffffff\r\ninvalid header: 0xffffffff\r\n'
2025-07-08 11:35:34 - INFO - 从串口 /dev/ttyACM0 读取到数据，已发送到 MQTT 发送主题 com1send: b'invalid header: 0xffffffff\r\ninvalid header: 0xffffffff\r\ninvalid header: 0xffffffff\r\ninvalid header: 0xffffffff\r\ninvalid header: 0xffffffff\r\ninvalid header: 0xffffffff\r\ninvalid header: 0xffffffff\r\ninvalid header: 0xffffffff\r\ninvalid header: 0xffffffff\r\ninvalid header: 0xffffffff\r\ninvalid header: 0xffffffff\r\n'
2025-07-08 11:35:34 - INFO - 从串口 /dev/ttyACM0 读取到数据，已发送到 MQTT 发送主题 com1send: b'invalid header: 0xffffffff\r\ninvalid header: 0xffffffff\r\ninvalid header: 0xffffffff\r\ninvalid header: 0xffffffff\r\ninvalid header: 0xffffffff\r\ninvalid header: 0xffffffff\r\ninvalid header: 0xffffffff\r\ninvalid header: 0xffffffff\r\n'
2025-07-08 11:35:34 - INFO - 从串口 /dev/ttyACM0 读取到数据，已发送到 MQTT 发送主题 com1send: b'invalid header: 0xffffffff\r\ninvalid header: 0xffffffff\r\ninvalid header: 0xffffffff\r\n'
2025-07-08 11:35:34 - INFO - 从串口 /dev/ttyACM0 读取到数据，已发送到 MQTT 发送主题 com1send: b'invalid header: 0xffffffff\r\ninvalid header: 0xffffffff\r\ninvalid header: 0xffffffff\r\ninvalid header: 0xffffffff\r\ninvalid header: 0xffffffff\r\ninvalid header: 0xffffffff\r\n'
2025-07-08 11:35:34 - INFO - 从串口 /dev/ttyACM0 读取到数据，已发送到 MQTT 发送主题 com1send: b'invalid header: 0xffffffff\r\ninvalid header: 0xffffffff\r\ninvalid header: 0xffffffff\r\ninvalid header: 0xffffffff\r\ninvalid header: 0xffffffff\r\n'
2025-07-08 11:35:34 - INFO - 从串口 /dev/ttyACM0 读取到数据，已发送到 MQTT 发送主题 com1send: b'invalid header: 0xffffffff\r\ninvalid header: 0xffffffff\r\ninvalid header: 0xffffffff\r\ninvalid header: 0xffffffff\r\ninvalid header: 0xffffffff\r\ninvalid header: 0xffffffff\r\ninvalid header: 0xffffffff\r\n'
2025-07-08 11:35:34 - INFO - 从串口 /dev/ttyACM0 读取到数据，已发送到 MQTT 发送主题 com1send: b'invalid header: 0xffffffff\r\ninvalid header: 0xffffffff\r\ninvalid header: 0xffffffff\r\ninvalid header: 0xffffffff\r\n'
2025-07-08 11:35:34 - INFO - 从串口 /dev/ttyACM0 读取到数据，已发送到 MQTT 发送主题 com1send: b'invalid header: 0xffffffff\r\ninvalid header: 0xffffffff\r\ninvalid header: 0xffffffff\r\ninvalid header: 0xffffffff\r\ninvalid header: 0xffffffff\r\ninvalid header: 0xffffffff\r\ninvalid header: 0xffffffff\r\ninvalid header: 0xffffffff\r\ninvalid header: 0xffffffff\r\n'
2025-07-08 11:35:34 - INFO - 从串口 /dev/ttyACM0 读取到数据，已发送到 MQTT 发送主题 com1send: b'invalid header: 0xffffffff\r\ninvalid header: 0xffffffff\r\ninvalid header: 0xffffffff\r\ninvalid header: 0xffffffff\r\ninvalid header: 0xffffffff\r\ninvalid header: 0xffffffff\r\n'
2025-07-08 11:35:34 - INFO - 从串口 /dev/ttyACM0 读取到数据，已发送到 MQTT 发送主题 com1send: b'invalid header: 0xffffffff\r\ninvalid header: 0xffffffff\r\ninvalid header: 0xffffffff\r\ninvalid header: 0xffffffff\r\ninvalid header: 0xffffffff\r\ninvalid header: 0xffffffff\r\ninvalid header: 0xffffffff\r\ninvalid header: 0xffffffff\r\ninvalid header: 0xffffffff\r\n'
2025-07-08 11:35:34 - INFO - 从串口 /dev/ttyACM0 读取到数据，已发送到 MQTT 发送主题 com1send: b'invalid header: 0xffffffff\r\ninvalid header: 0xffffffff\r\ninvalid header: 0xffffffff\r\ninvalid header: 0xffffffff\r\ninvalid header: 0xffffffff\r\ninvalid header: 0xffffffff\r\ninvalid header: 0xffffffff\r\ninvalid header: 0xffffffff\r\ninvalid header: 0xffffffff\r\ninvalid header: 0xffffffff\r\ninvalid header: 0xffffffff\r\ninvalid header: 0xffffffff\r\ninvalid header: 0xffffffff\r\ninvalid header: 0xffffffff\r\ninvalid header: 0xffffffff\r\n'
2025-07-08 11:35:34 - INFO - 从串口 /dev/ttyACM0 读取到数据，已发送到 MQTT 发送主题 com1send: b'invalid header: 0xffffffff\r\ninvalid header: 0xffffffff\r\ninvalid header: 0xffffffff\r\ninvalid header: 0xffffffff\r\ninvalid header: 0xffffffff\r\ninvalid header: 0xffffffff\r\ninvalid header: 0xffffffff\r\ninvalid header: 0xffffffff\r\n'
2025-07-08 11:35:34 - INFO - 从串口 /dev/ttyACM0 读取到数据，已发送到 MQTT 发送主题 com1send: b'invalid header: 0xffffffff\r\ninvalid header: 0xffffffff\r\ninvalid header: 0xffffffff\r\ninvalid header: 0xffffffff\r\ninvalid header: 0xffffffff\r\ninvalid header: 0xffffffff\r\ninvalid header: 0xffffffff\r\ninvalid header: 0xffffffff\r\ninvalid header: 0xffffffff\r\n'
2025-07-08 11:35:34 - INFO - 从串口 /dev/ttyACM0 读取到数据，已发送到 MQTT 发送主题 com1send: b'invalid header: 0xffffffff\r\ninvalid header: 0xffffffff\r\ninvalid header: 0xffffffff\r\ninvalid header: 0xffffffff\r\ninvalid header: 0xffffffff\r\ninvalid header: 0xffffffff\r\ninvalid header: 0xffffffff\r\ninvalid header: 0xffffffff\r\ninvalid header: 0xffffffff\r\n'
2025-07-08 11:35:34 - INFO - 从串口 /dev/ttyACM0 读取到数据，已发送到 MQTT 发送主题 com1send: b'invalid header: 0xffffffff\r\ninvalid header: 0xffffffff\r\ninvalid header: 0xffffffff\r\ninvalid header: 0xffffffff\r\ninvalid header: 0xffffffff\r\ninvalid header: 0xffffffff\r\ninvalid header: 0xffffffff\r\ninvalid header: 0xffffffff\r\n'
2025-07-08 11:35:34 - INFO - 从串口 /dev/ttyACM0 读取到数据，已发送到 MQTT 发送主题 com1send: b'invalid header: 0xffffffff\r\ninvalid header: 0xffffffff\r\ninvalid header: 0xffffffff\r\n'
2025-07-08 11:35:34 - INFO - 从串口 /dev/ttyACM0 读取到数据，已发送到 MQTT 发送主题 com1send: b'invalid header: 0xffffffff\r\ninvalid header: 0xffffffff\r\ninvalid header: 0xffffffff\r\ninvalid header: 0xffffffff\r\n'
2025-07-08 11:35:34 - INFO - 从串口 /dev/ttyACM0 读取到数据，已发送到 MQTT 发送主题 com1send: b'invalid header: 0xffffffff\r\ninvalid header: 0xffffffff\r\ninvalid header: 0xffffffff\r\ninvalid header: 0xffffffff\r\ninvalid header: 0xffffffff\r\ninvalid header: 0xffffffff\r\ninvalid header: 0xffffffff\r\n'
2025-07-08 11:35:34 - INFO - 从串口 /dev/ttyACM0 读取到数据，已发送到 MQTT 发送主题 com1send: b'invalid header: 0xffffffff\r\ninvalid header: 0xffffffff\r\ninvalid header: 0xffffffff\r\ninvalid header: 0xffffffff\r\ninvalid header: 0xffffffff\r\ninvalid header: 0xffffffff\r\ninvalid header: 0xffffffff\r\ninvalid header: 0xffffffff\r\n'
2025-07-08 11:35:34 - INFO - 从串口 /dev/ttyACM0 读取到数据，已发送到 MQTT 发送主题 com1send: b'invalid header: 0xffffffff\r\ninvalid header: 0xffffffff\r\ninvalid header: 0xffffffff\r\ninvalid header: 0xffffffff\r\ninvalid header: 0xffffffff\r\ninvalid header: 0xffffffff\r\ninvalid header: 0xffffffff\r\n'
2025-07-08 11:35:34 - INFO - 从串口 /dev/ttyACM0 读取到数据，已发送到 MQTT 发送主题 com1send: b'invalid header: 0xffffffff\r\ninvalid header: 0xffffffff\r\ninvalid header: 0xffffffff\r\ninvalid header: 0xffffffff\r\ninvalid header: 0xffffffff\r\ninvalid header: 0xffffffff\r\n'
2025-07-08 11:35:34 - INFO - 从串口 /dev/ttyACM0 读取到数据，已发送到 MQTT 发送主题 com1send: b'invalid header: 0xffffffff\r\ninvalid header: 0xffffffff\r\ninvalid header: 0xffffffff\r\ninvalid header: 0xffffffff\r\ninvalid header: 0xffffffff\r\n'
2025-07-08 11:35:34 - INFO - 从串口 /dev/ttyACM0 读取到数据，已发送到 MQTT 发送主题 com1send: b'invalid header: 0xffffffff\r\ninvalid header: 0xffffffff\r\ninvalid header: 0xffffffff\r\ninvalid header: 0xffffffff\r\ninvalid header: 0xffffffff\r\ninvalid header: 0xffffffff\r\ninvalid header: 0xffffffff\r\ninvalid header: 0xffffffff\r\ninvalid header: 0xffffffff\r\n'
2025-07-08 11:35:34 - INFO - 从串口 /dev/ttyACM0 读取到数据，已发送到 MQTT 发送主题 com1send: b'invalid header: 0xffffffff\r\ninvalid header: 0xffffffff\r\ninvalid header: 0xffffffff\r\ninvalid header: 0xffffffff\r\ninvalid header: 0xffffffff\r\ninvalid header: 0xffffffff\r\ninvalid header: 0xffffffff\r\ninvalid header: 0xffffffff\r\ninvalid header: 0xffffffff\r\ninvalid header: 0xffffffff\r\ninvalid header: 0xffffffff\r\ninvalid header: 0xffffffff\r\ninvalid header: 0xffffffff\r\ninvalid header: 0xffffffff\r\ninvalid header: 0xffffffff\r\n'
2025-07-08 11:35:34 - INFO - 从串口 /dev/ttyACM0 读取到数据，已发送到 MQTT 发送主题 com1send: b'invalid header: 0xffffffff\r\ninvalid header: 0xffffffff\r\ninvalid header: 0xffffffff\r\ninvalid header: 0xffffffff\r\ninvalid header: 0xffffffff\r\ninvalid header: 0xffffffff\r\ninvalid header: 0xffffffff\r\ninvalid header: 0xffffffff\r\n'
2025-07-08 11:35:34 - INFO - 从串口 /dev/ttyACM0 读取到数据，已发送到 MQTT 发送主题 com1send: b'invalid header: 0xffffffff\r\ninvalid header: 0xffffffff\r\ninvalid header: 0xffffffff\r\ninvalid header: 0xffffffff\r\ninvalid header: 0xffffffff\r\ninvalid header: 0xffffffff\r\ninvalid header: 0xffffffff\r\ninvalid header: 0xffffffff\r\ninvalid header: 0xffffffff\r\n'
2025-07-08 11:35:35 - INFO - 从串口 /dev/ttyACM0 读取到数据，已发送到 MQTT 发送主题 com1send: b'invalid header: 0xffffffff\r\ninvalid header: 0xffffffff\r\ninvalid header: 0xffffffff\r\ninvalid header: 0xffffffff\r\ninvalid header: 0xffffffff\r\ninvalid header: 0xffESP-ROM:esp32c3-api1-20210207\r\nBuild:Feb  7 2021\r\nrst:0x7 (TG0WDT_SYS_RST),boot:0xd (SPI_FAST_FLASH_BOOT)\r\nSaved PC:0x40053f88\r\ninvalid header: 0xffffffff\r\ninvalid header: 0xffffffff\r\ninvalid header: 0xffffffff\r\n'
2025-07-08 11:35:35 - INFO - 从串口 /dev/ttyACM0 读取到数据，已发送到 MQTT 发送主题 com1send: b'invalid header: 0xffffffff\r\ninvalid header: 0xffffffff\r\ninvalid header: 0xffffffff\r\ninvalid header: 0xffffffff\r\ninvalid header: 0xffffffff\r\ninvalid header: 0xffffffff\r\ninvalid header: 0xffffffff\r\ninvalid header: 0xffffffff\r\ninvalid header: 0xffffffff\r\ninvalid header: 0xffffffff\r\ninvalid header: 0xffffffff\r\n'
2025-07-08 11:35:35 - INFO - 从串口 /dev/ttyACM0 读取到数据，已发送到 MQTT 发送主题 com1send: b'invalid header: 0xffffffff\r\ninvalid header: 0xffffffff\r\ninvalid header: 0xffffffff\r\ninvalid header: 0xffffffff\r\ninvalid header: 0xffffffff\r\ninvalid header: 0xffffffff\r\ninvalid header: 0xffffffff\r\ninvalid header: 0xffffffff\r\ninvalid header: 0xffffffff\r\ninvalid header: 0xffffffff\r\n'
2025-07-08 11:35:35 - ERROR - 读取串口 /dev/ttyACM0 数据时出错: [Errno 5] Input/output error
2025-07-08 11:35:59 - ERROR - 向串口 /dev/ttyACM0 发送消息失败: write failed: [Errno 5] Input/output error
2025-07-08 11:36:01 - ERROR - 向串口 /dev/ttyACM0 发送消息失败: write failed: [Errno 5] Input/output error
2025-07-08 11:36:37 - INFO - 程序手动终止
